p/image-552.jpg 1 0 0 34 30
p/image-551.jpg 1 0 0 33 25
p/image-550.jpg 1 0 0 74 48
p/image-549.jpg 1 0 0 46 37
p/image-548.jpg 1 0 0 52 37
p/image-547.jpg 1 0 0 40 28
p/image-546.jpg 1 0 0 52 39
p/image-545.jpg 1 0 0 41 32
p/image-544.jpg 1 0 0 39 30
p/image-543.jpg 1 0 0 54 47
p/image-542.jpg 1 0 0 65 59
p/image-541.jpg 1 0 0 41 30
p/image-540.jpg 1 0 0 76 45
p/image-539.jpg 1 0 0 101 70
p/image-538.jpg 1 0 0 45 31
p/image-537.jpg 1 0 0 70 59
p/image-536.jpg 1 0 0 104 102
p/image-535.jpg 1 0 0 41 36
p/image-534.jpg 1 0 0 47 42
p/image-533.jpg 1 0 0 56 33
p/image-532.jpg 1 0 0 75 46
p/image-531.jpg 1 0 0 54 42
p/image-530.jpg 1 0 0 49 46
p/image-529.jpg 1 0 0 207 149
p/image-528.jpg 1 0 0 103 87
p/image-527.jpg 1 0 0 61 54
p/image-526.jpg 1 0 0 54 42
p/image-525.jpg 1 0 0 75 36
p/image-524.jpg 1 0 0 53 39
p/image-523.jpg 1 0 0 107 52
p/image-522.jpg 1 0 0 108 67
p/image-521.jpg 1 0 0 91 90
p/image-520.jpg 1 0 0 165 177
p/image-519.jpg 1 0 0 67 54
p/image-518.jpg 1 0 0 61 58
p/image-517.jpg 1 0 0 37 31
p/image-516.jpg 1 0 0 60 37
p/image-515.jpg 1 0 0 66 42
p/image-514.jpg 1 0 0 45 41
p/image-513.jpg 1 0 0 78 50
p/image-512.jpg 1 0 0 53 41
p/image-511.jpg 1 0 0 79 83
p/image-510.jpg 1 0 0 102 87
p/image-509.jpg 1 0 0 167 212
p/image-508.jpg 1 0 0 49 48
p/image-507.jpg 1 0 0 51 35
p/image-506.jpg 1 0 0 156 153
p/image-505.jpg 1 0 0 122 144
p/image-504.jpg 1 0 0 66 58
p/image-503.jpg 1 0 0 42 33
p/image-502.jpg 1 0 0 97 99
p/image-501.jpg 1 0 0 63 64
p/image-500.jpg 1 0 0 33 27
p/image-499.jpg 1 0 0 36 39
p/image-498.jpg 1 0 0 81 77
p/image-497.jpg 1 0 0 38 38
p/image-496.jpg 1 0 0 112 115
p/image-495.jpg 1 0 0 45 39
p/image-494.jpg 1 0 0 66 44
p/image-493.jpg 1 0 0 59 34
p/image-492.jpg 1 0 0 63 51
p/image-491.jpg 1 0 0 196 195
p/image-490.jpg 1 0 0 47 45
p/image-489.jpg 1 0 0 30 33
p/image-488.jpg 1 0 0 43 25
p/image-487.jpg 1 0 0 71 41
p/image-486.jpg 1 0 0 38 31
p/image-485.jpg 1 0 0 53 48
p/image-484.jpg 1 0 0 63 63
p/image-483.jpg 1 0 0 91 73
p/image-482.jpg 1 0 0 47 36
p/image-481.jpg 1 0 0 51 43
p/image-480.jpg 1 0 0 33 32
p/image-479.jpg 1 0 0 56 33
p/image-478.jpg 1 0 0 70 44
p/image-477.jpg 1 0 0 134 109
p/image-476.jpg 1 0 0 92 95
p/image-475.jpg 1 0 0 69 58
p/image-474.jpg 1 0 0 30 24
p/image-473.jpg 1 0 0 32 27
p/image-472.jpg 1 0 0 46 36
p/image-471.jpg 1 0 0 55 41
p/image-470.jpg 1 0 0 78 52
p/image-469.jpg 1 0 0 239 206
p/image-468.jpg 1 0 0 150 208
p/image-467.jpg 1 0 0 93 84
p/image-466.jpg 1 0 0 50 52
p/image-465.jpg 1 0 0 60 54
p/image-464.jpg 1 0 0 69 63
p/image-463.jpg 1 0 0 42 39
p/image-462.jpg 1 0 0 38 32
p/image-461.jpg 1 0 0 43 40
p/image-460.jpg 1 0 0 55 59
p/image-459.jpg 1 0 0 154 166
p/image-458.jpg 1 0 0 76 71
p/image-457.jpg 1 0 0 39 28
p/image-456.jpg 1 0 0 62 36
p/image-455.jpg 1 0 0 41 29
p/image-454.jpg 1 0 0 41 29
p/image-453.jpg 1 0 0 76 41
p/image-452.jpg 1 0 0 63 48
p/image-451.jpg 1 0 0 52 41
p/image-450.jpg 1 0 0 69 91
p/image-449.jpg 1 0 0 120 106
p/image-448.jpg 1 0 0 36 24
p/image-447.jpg 1 0 0 68 54
p/image-446.jpg 1 0 0 56 45
p/image-445.jpg 1 0 0 80 56
p/image-444.jpg 1 0 0 93 122
p/image-443.jpg 1 0 0 223 203
p/image-442.jpg 1 0 0 51 29
p/image-441.jpg 1 0 0 38 34
p/image-440.jpg 1 0 0 98 87
p/image-439.jpg 1 0 0 154 206
p/image-438.jpg 1 0 0 90 74
p/image-437.jpg 1 0 0 68 68
p/image-436.jpg 1 0 0 75 34
p/image-435.jpg 1 0 0 140 133
p/image-434.jpg 1 0 0 93 103
p/image-433.jpg 1 0 0 166 155
p/image-432.jpg 1 0 0 48 44
p/image-431.jpg 1 0 0 46 31
p/image-430.jpg 1 0 0 62 37
p/image-429.jpg 1 0 0 85 48
p/image-428.jpg 1 0 0 141 191
p/image-427.jpg 1 0 0 61 51
p/image-426.jpg 1 0 0 61 50
p/image-425.jpg 1 0 0 50 27
p/image-424.jpg 1 0 0 66 39
p/image-423.jpg 1 0 0 77 50
p/image-422.jpg 1 0 0 73 68
p/image-421.jpg 1 0 0 44 29
p/image-420.jpg 1 0 0 105 85
p/image-419.jpg 1 0 0 108 105
p/image-418.jpg 1 0 0 25 19
p/image-417.jpg 1 0 0 38 23
p/image-416.jpg 1 0 0 107 67
p/image-415.jpg 1 0 0 172 169
p/image-414.jpg 1 0 0 189 140
p/image-413.jpg 1 0 0 34 30
p/image-412.jpg 1 0 0 48 48
p/image-411.jpg 1 0 0 77 50
p/image-410.jpg 1 0 0 107 67
p/image-409.jpg 1 0 0 36 31
p/image-408.jpg 1 0 0 61 36
p/image-407.jpg 1 0 0 47 34
p/image-406.jpg 1 0 0 71 31
p/image-405.jpg 1 0 0 78 51
p/image-404.jpg 1 0 0 42 33
p/image-403.jpg 1 0 0 48 32
p/image-402.jpg 1 0 0 54 27
p/image-401.jpg 1 0 0 53 39
p/image-400.jpg 1 0 0 49 41
p/image-399.jpg 1 0 0 53 34
p/image-398.jpg 1 0 0 66 47
p/image-397.jpg 1 0 0 62 36
p/image-396.jpg 1 0 0 52 36
p/image-395.jpg 1 0 0 79 97
p/image-394.jpg 1 0 0 107 60
p/image-393.jpg 1 0 0 37 24
p/image-392.jpg 1 0 0 50 46
p/image-391.jpg 1 0 0 123 67
p/image-390.jpg 1 0 0 74 59
p/image-389.jpg 1 0 0 80 56
p/image-388.jpg 1 0 0 114 103
p/image-387.jpg 1 0 0 28 21
p/image-386.jpg 1 0 0 62 51
p/image-385.jpg 1 0 0 81 42
p/image-384.jpg 1 0 0 62 43
p/image-383.jpg 1 0 0 33 28
p/image-382.jpg 1 0 0 82 76
p/image-381.jpg 1 0 0 211 225
p/image-380.jpg 1 0 0 63 37
p/image-379.jpg 1 0 0 42 39
p/image-378.jpg 1 0 0 36 26
p/image-377.jpg 1 0 0 35 29
p/image-376.jpg 1 0 0 109 101
p/image-375.jpg 1 0 0 52 33
p/image-374.jpg 1 0 0 41 31
p/image-373.jpg 1 0 0 52 36
p/image-372.jpg 1 0 0 44 39
p/image-371.jpg 1 0 0 194 196
p/image-370.jpg 1 0 0 37 28
p/image-369.jpg 1 0 0 43 25
p/image-368.jpg 1 0 0 49 39
p/image-367.jpg 1 0 0 62 55
p/image-366.jpg 1 0 0 65 49
p/image-365.jpg 1 0 0 96 77
p/image-364.jpg 1 0 0 93 80
p/image-363.jpg 1 0 0 141 149
p/image-362.jpg 1 0 0 34 25
p/image-361.jpg 1 0 0 119 113
p/image-360.jpg 1 0 0 39 34
p/image-359.jpg 1 0 0 108 62
p/image-358.jpg 1 0 0 236 175
p/image-357.jpg 1 0 0 42 28
p/image-356.jpg 1 0 0 83 41
p/image-355.jpg 1 0 0 84 46
p/image-354.jpg 1 0 0 68 27
p/image-353.jpg 1 0 0 60 33
p/image-352.jpg 1 0 0 52 40
p/image-351.jpg 1 0 0 48 25
p/image-350.jpg 1 0 0 39 28
p/image-349.jpg 1 0 0 60 51
p/image-348.jpg 1 0 0 35 24
p/image-347.jpg 1 0 0 59 64
p/image-346.jpg 1 0 0 79 60
p/image-345.jpg 1 0 0 43 21
p/image-344.jpg 1 0 0 35 32
p/image-343.jpg 1 0 0 86 36
p/image-342.jpg 1 0 0 34 26
p/image-341.jpg 1 0 0 99 89
p/image-340.jpg 1 0 0 46 36
p/image-339.jpg 1 0 0 36 37
p/image-338.jpg 1 0 0 56 31
p/image-337.jpg 1 0 0 166 146
p/image-336.jpg 1 0 0 56 31
p/image-335.jpg 1 0 0 75 35
p/image-334.jpg 1 0 0 93 84
p/image-333.jpg 1 0 0 41 36
p/image-332.jpg 1 0 0 45 45
p/image-331.jpg 1 0 0 25 33
p/image-330.jpg 1 0 0 59 41
p/image-329.jpg 1 0 0 51 50
p/image-328.jpg 1 0 0 29 29
p/image-327.jpg 1 0 0 90 55
p/image-326.jpg 1 0 0 89 56
p/image-325.jpg 1 0 0 57 37
p/image-324.jpg 1 0 0 72 36
p/image-323.jpg 1 0 0 62 37
p/image-322.jpg 1 0 0 33 29
p/image-321.jpg 1 0 0 69 50
p/image-320.jpg 1 0 0 66 65
p/image-319.jpg 1 0 0 47 27
p/image-318.jpg 1 0 0 52 35
p/image-317.jpg 1 0 0 97 82
p/image-316.jpg 1 0 0 87 95
p/image-315.jpg 1 0 0 33 35
p/image-314.jpg 1 0 0 156 150
p/image-313.jpg 1 0 0 124 140
p/image-312.jpg 1 0 0 43 20
p/image-311.jpg 1 0 0 36 30
p/image-310.jpg 1 0 0 33 30
p/image-309.jpg 1 0 0 50 48
p/image-308.jpg 1 0 0 70 58
p/image-307.jpg 1 0 0 62 59
p/image-306.jpg 1 0 0 43 31
p/image-305.jpg 1 0 0 66 55
p/image-304.jpg 1 0 0 67 43
p/image-303.jpg 1 0 0 95 78
p/image-302.jpg 1 0 0 46 41
p/image-301.jpg 1 0 0 83 37
p/image-300.jpg 1 0 0 54 29
p/image-299.jpg 1 0 0 28 25
p/image-298.jpg 1 0 0 142 124
p/image-297.jpg 1 0 0 51 41
p/image-296.jpg 1 0 0 42 26
p/image-295.jpg 1 0 0 51 27
p/image-294.jpg 1 0 0 35 35
p/image-293.jpg 1 0 0 246 194
p/image-292.jpg 1 0 0 61 56
p/image-291.jpg 1 0 0 31 16
p/image-290.jpg 1 0 0 39 18
p/image-289.jpg 1 0 0 74 47
p/image-288.jpg 1 0 0 41 34
p/image-287.jpg 1 0 0 46 34
p/image-286.jpg 1 0 0 63 51
p/image-285.jpg 1 0 0 138 183
p/image-284.jpg 1 0 0 32 23
p/image-283.jpg 1 0 0 37 35
p/image-282.jpg 1 0 0 35 26
p/image-281.jpg 1 0 0 44 25
p/image-280.jpg 1 0 0 84 42
p/image-279.jpg 1 0 0 73 38
p/image-278.jpg 1 0 0 83 83
p/image-277.jpg 1 0 0 42 33
p/image-276.jpg 1 0 0 25 20
p/image-275.jpg 1 0 0 29 21
p/image-274.jpg 1 0 0 27 29
p/image-273.jpg 1 0 0 42 32
p/image-272.jpg 1 0 0 60 45
p/image-271.jpg 1 0 0 83 73
p/image-270.jpg 1 0 0 47 26
p/image-269.jpg 1 0 0 52 25
p/image-268.jpg 1 0 0 34 27
p/image-267.jpg 1 0 0 114 83
p/image-266.jpg 1 0 0 52 30
p/image-265.jpg 1 0 0 29 25
p/image-264.jpg 1 0 0 32 24
p/image-263.jpg 1 0 0 35 29
p/image-262.jpg 1 0 0 43 49
p/image-261.jpg 1 0 0 75 53
p/image-260.jpg 1 0 0 127 135
p/image-259.jpg 1 0 0 41 25
p/image-258.jpg 1 0 0 41 26
p/image-257.jpg 1 0 0 91 61
p/image-256.jpg 1 0 0 30 22
p/image-255.jpg 1 0 0 39 29
p/image-254.jpg 1 0 0 33 30
p/image-253.jpg 1 0 0 58 51
p/image-252.jpg 1 0 0 99 78
p/image-251.jpg 1 0 0 36 30
p/image-250.jpg 1 0 0 38 30
p/image-249.jpg 1 0 0 48 33
p/image-248.jpg 1 0 0 165 116
p/image-247.jpg 1 0 0 78 62
p/image-246.jpg 1 0 0 67 45
p/image-245.jpg 1 0 0 64 50
p/image-244.jpg 1 0 0 69 91
p/image-243.jpg 1 0 0 45 35
p/image-242.jpg 1 0 0 43 37
p/image-241.jpg 1 0 0 57 46
p/image-240.jpg 1 0 0 97 91
p/image-239.jpg 1 0 0 95 50
p/image-238.jpg 1 0 0 58 34
p/image-237.jpg 1 0 0 51 40
p/image-236.jpg 1 0 0 53 44
p/image-235.jpg 1 0 0 71 61
p/image-234.jpg 1 0 0 176 170
p/image-233.jpg 1 0 0 110 65
p/image-232.jpg 1 0 0 93 49
p/image-231.jpg 1 0 0 61 37
p/image-230.jpg 1 0 0 45 28
p/image-229.jpg 1 0 0 76 42
p/image-228.jpg 1 0 0 76 48
p/image-227.jpg 1 0 0 53 35
p/image-226.jpg 1 0 0 99 75
p/image-225.jpg 1 0 0 59 65
p/image-224.jpg 1 0 0 76 68
p/image-223.jpg 1 0 0 38 35
p/image-222.jpg 1 0 0 53 32
p/image-221.jpg 1 0 0 64 35
p/image-220.jpg 1 0 0 115 120
p/image-219.jpg 1 0 0 148 112
p/image-218.jpg 1 0 0 82 74
p/image-217.jpg 1 0 0 37 29
p/image-216.jpg 1 0 0 45 29
p/image-215.jpg 1 0 0 51 32
p/image-214.jpg 1 0 0 164 196
p/image-213.jpg 1 0 0 112 106
p/image-212.jpg 1 0 0 47 35
p/image-211.jpg 1 0 0 41 27
p/image-210.jpg 1 0 0 41 20
p/image-209.jpg 1 0 0 207 216
p/image-208.jpg 1 0 0 33 23
p/image-207.jpg 1 0 0 43 35
p/image-206.jpg 1 0 0 125 90
p/image-205.jpg 1 0 0 31 25
p/image-204.jpg 1 0 0 51 47
p/image-203.jpg 1 0 0 79 55
p/image-202.jpg 1 0 0 60 47
p/image-201.jpg 1 0 0 62 51
p/image-200.jpg 1 0 0 36 29
p/image-199.jpg 1 0 0 49 38
p/image-198.jpg 1 0 0 82 75
p/image-197.jpg 1 0 0 40 35
p/image-196.jpg 1 0 0 33 28
p/image-195.jpg 1 0 0 31 27
p/image-194.jpg 1 0 0 36 30
p/image-193.jpg 1 0 0 41 40
p/image-192.jpg 1 0 0 101 94
p/image-191.jpg 1 0 0 48 48
p/image-190.jpg 1 0 0 30 29
p/image-189.jpg 1 0 0 41 35
p/image-188.jpg 1 0 0 39 32
p/image-187.jpg 1 0 0 44 36
p/image-186.jpg 1 0 0 140 133
p/image-185.jpg 1 0 0 63 61
p/image-184.jpg 1 0 0 39 33
p/image-183.jpg 1 0 0 255 246
p/image-182.jpg 1 0 0 86 97
p/image-181.jpg 1 0 0 47 41
p/image-180.jpg 1 0 0 47 41
p/image-179.jpg 1 0 0 26 26
p/image-178.jpg 1 0 0 48 42
p/image-177.jpg 1 0 0 57 46
p/image-176.jpg 1 0 0 60 53
p/image-175.jpg 1 0 0 153 203
p/image-174.jpg 1 0 0 38 31
p/image-173.jpg 1 0 0 25 24
p/image-172.jpg 1 0 0 43 38
p/image-171.jpg 1 0 0 62 50
p/image-170.jpg 1 0 0 77 68
p/image-169.jpg 1 0 0 75 77
p/image-168.jpg 1 0 0 42 28
p/image-167.jpg 1 0 0 78 59
p/image-166.jpg 1 0 0 88 83
p/image-165.jpg 1 0 0 120 102
p/image-164.jpg 1 0 0 111 123
p/image-163.jpg 1 0 0 27 25
p/image-162.jpg 1 0 0 42 44
p/image-161.jpg 1 0 0 41 36
p/image-160.jpg 1 0 0 38 33
p/image-159.jpg 1 0 0 74 44
p/image-158.jpg 1 0 0 132 123
p/image-157.jpg 1 0 0 190 131
p/image-156.jpg 1 0 0 194 184
p/image-155.jpg 1 0 0 55 56
p/image-154.jpg 1 0 0 58 38
p/image-153.jpg 1 0 0 53 42
p/image-152.jpg 1 0 0 54 38
p/image-151.jpg 1 0 0 79 75
p/image-150.jpg 1 0 0 49 28
p/image-149.jpg 1 0 0 78 57
p/image-148.jpg 1 0 0 115 117
p/image-147.jpg 1 0 0 63 48
p/image-146.jpg 1 0 0 58 58
p/image-145.jpg 1 0 0 41 22
p/image-144.jpg 1 0 0 62 37
p/image-143.jpg 1 0 0 101 61
p/image-142.jpg 1 0 0 84 68
p/image-141.jpg 1 0 0 81 74
p/image-140.jpg 1 0 0 35 20
p/image-139.jpg 1 0 0 48 33
p/image-138.jpg 1 0 0 64 41
p/image-137.jpg 1 0 0 133 114
p/image-136.jpg 1 0 0 129 128
p/image-135.jpg 1 0 0 219 95
p/image-134.jpg 1 0 0 35 29
p/image-133.jpg 1 0 0 47 36
p/image-132.jpg 1 0 0 39 28
p/image-131.jpg 1 0 0 37 33
p/image-130.jpg 1 0 0 32 32
p/image-129.jpg 1 0 0 39 33
p/image-128.jpg 1 0 0 36 29
p/image-127.jpg 1 0 0 43 41
p/image-126.jpg 1 0 0 43 30
p/image-125.jpg 1 0 0 51 50
p/image-124.jpg 1 0 0 31 25
p/image-123.jpg 1 0 0 37 32
p/image-122.jpg 1 0 0 58 50
p/image-121.jpg 1 0 0 49 37
p/image-120.jpg 1 0 0 74 66
p/image-119.jpg 1 0 0 40 28
p/image-118.jpg 1 0 0 49 38
p/image-117.jpg 1 0 0 76 66
p/image-116.jpg 1 0 0 59 59
p/image-115.jpg 1 0 0 108 105
p/image-114.jpg 1 0 0 41 31
p/image-113.jpg 1 0 0 35 33
p/image-112.jpg 1 0 0 45 37
p/image-111.jpg 1 0 0 209 126
p/image-110.jpg 1 0 0 115 97
p/image-109.jpg 1 0 0 81 75
p/image-108.jpg 1 0 0 137 83
p/image-107.jpg 1 0 0 54 44
p/image-106.jpg 1 0 0 40 38
p/image-105.jpg 1 0 0 66 55
p/image-104.jpg 1 0 0 217 210
p/image-103.jpg 1 0 0 116 152
p/image-102.jpg 1 0 0 94 57
p/image-101.jpg 1 0 0 67 47
p/image-100.jpg 1 0 0 72 61
p/image-99.jpg 1 0 0 57 49
p/image-98.jpg 1 0 0 79 75
p/image-97.jpg 1 0 0 58 45
p/image-96.jpg 1 0 0 39 32
p/image-95.jpg 1 0 0 54 46
p/image-94.jpg 1 0 0 47 45
p/image-93.jpg 1 0 0 54 49
p/image-92.jpg 1 0 0 88 82
p/image-91.jpg 1 0 0 120 139
p/image-90.jpg 1 0 0 112 107
p/image-89.jpg 1 0 0 41 29
p/image-88.jpg 1 0 0 24 21
p/image-87.jpg 1 0 0 27 22
p/image-86.jpg 1 0 0 33 29
p/image-85.jpg 1 0 0 56 43
p/image-84.jpg 1 0 0 41 37
p/image-83.jpg 1 0 0 53 46
p/image-82.jpg 1 0 0 94 84
p/image-81.jpg 1 0 0 207 174
p/image-80.jpg 1 0 0 173 191
p/image-79.jpg 1 0 0 19 12
p/image-78.jpg 1 0 0 34 24
p/image-77.jpg 1 0 0 88 55
p/image-76.jpg 1 0 0 76 61
p/image-75.jpg 1 0 0 30 23
p/image-74.jpg 1 0 0 31 23
p/image-73.jpg 1 0 0 38 32
p/image-72.jpg 1 0 0 49 46
p/image-71.jpg 1 0 0 68 58
p/image-70.jpg 1 0 0 170 158
p/image-69.jpg 1 0 0 116 93
p/image-68.jpg 1 0 0 62 43
p/image-67.jpg 1 0 0 28 21
p/image-66.jpg 1 0 0 21 11
p/image-65.jpg 1 0 0 21 16
p/image-64.jpg 1 0 0 33 27
p/image-63.jpg 1 0 0 35 25
p/image-62.jpg 1 0 0 51 41
p/image-61.jpg 1 0 0 61 55
p/image-60.jpg 1 0 0 95 82
p/image-59.jpg 1 0 0 84 42
p/image-58.jpg 1 0 0 48 36
p/image-57.jpg 1 0 0 23 12
p/image-56.jpg 1 0 0 19 14
p/image-55.jpg 1 0 0 23 16
p/image-54.jpg 1 0 0 21 21
p/image-53.jpg 1 0 0 39 32
p/image-52.jpg 1 0 0 41 36
p/image-51.jpg 1 0 0 227 170
p/image-50.jpg 1 0 0 67 56
p/image-49.jpg 1 0 0 85 89
p/image-48.jpg 1 0 0 162 159
p/image-47.jpg 1 0 0 75 40
p/image-46.jpg 1 0 0 38 29
p/image-45.jpg 1 0 0 20 15
p/image-44.jpg 1 0 0 26 24
p/image-43.jpg 1 0 0 24 24
p/image-42.jpg 1 0 0 45 36
p/image-41.jpg 1 0 0 48 44
p/image-40.jpg 1 0 0 99 87
p/image-39.jpg 1 0 0 123 163
p/image-38.jpg 1 0 0 94 62
p/image-37.jpg 1 0 0 61 33
p/image-36.jpg 1 0 0 32 27
p/image-35.jpg 1 0 0 23 18
p/image-34.jpg 1 0 0 18 14
p/image-33.jpg 1 0 0 25 22
p/image-32.jpg 1 0 0 27 20
p/image-31.jpg 1 0 0 55 49
p/image-30.jpg 1 0 0 60 57
p/image-29.jpg 1 0 0 186 211
p/image-28.jpg 1 0 0 53 44
p/image-27.jpg 1 0 0 53 32
p/image-26.jpg 1 0 0 67 46
p/image-25.jpg 1 0 0 27 22
p/image-24.jpg 1 0 0 25 21
p/image-23.jpg 1 0 0 20 15
p/image-22.jpg 1 0 0 26 25
p/image-21.jpg 1 0 0 29 22
p/image-20.jpg 1 0 0 72 61
p/image-19.jpg 1 0 0 77 80
p/image-18.jpg 1 0 0 21 14
p/image-17.jpg 1 0 0 71 36
p/image-16.jpg 1 0 0 46 28
p/image-15.jpg 1 0 0 52 36
p/image-14.jpg 1 0 0 25 16
p/image-13.jpg 1 0 0 30 22
p/image-12.jpg 1 0 0 31 28
p/image-11.jpg 1 0 0 32 26
p/image-10.jpg 1 0 0 107 88
p/image-9.jpg 1 0 0 119 145
p/image-8.jpg 1 0 0 44 60
p/image-7.jpg 1 0 0 25 22
p/image-6.jpg 1 0 0 33 31
p/image-5.jpg 1 0 0 39 28
p/image-4.jpg 1 0 0 38 29
p/image-3.jpg 1 0 0 40 25
p/image-2.jpg 1 0 0 43 33
p/image-1.jpg 1 0 0 58 31
p/image-0.jpg 1 0 0 187 182
p/image0000.png 1 0 0 64 64
p/image0001.png 1 0 0 64 64
p/image0002.png 1 0 0 64 64
p/image0003.png 1 0 0 64 64
p/image0004.png 1 0 0 64 64
p/image0005.png 1 0 0 64 64
p/image0006.png 1 0 0 64 64
p/image0007.png 1 0 0 64 64
p/image0008.png 1 0 0 64 64
p/image0009.png 1 0 0 64 64
p/image0010.png 1 0 0 64 64
p/image0011.png 1 0 0 64 64
p/image0012.png 1 0 0 64 64
p/image0013.png 1 0 0 64 64
p/image0014.png 1 0 0 64 64
p/image0015.png 1 0 0 64 64
p/image0016.png 1 0 0 64 64
p/image0017.png 1 0 0 64 64
p/image0018.png 1 0 0 64 64
p/image0019.png 1 0 0 64 64
p/image0020.png 1 0 0 64 64
p/image0021.png 1 0 0 64 64
p/image0022.png 1 0 0 64 64
p/image0023.png 1 0 0 64 64
p/image0024.png 1 0 0 64 64
p/image0025.png 1 0 0 64 64
p/image0026.png 1 0 0 64 64
p/image0027.png 1 0 0 64 64
p/image0028.png 1 0 0 64 64
p/image0029.png 1 0 0 64 64
p/image0030.png 1 0 0 64 64
p/image0031.png 1 0 0 64 64
p/image0032.png 1 0 0 64 64
p/image0033.png 1 0 0 64 64
p/image0034.png 1 0 0 64 64
p/image0035.png 1 0 0 64 64
p/image0036.png 1 0 0 64 64
p/image0037.png 1 0 0 64 64
p/image0038.png 1 0 0 64 64
p/image0039.png 1 0 0 64 64
p/image0040.png 1 0 0 64 64
p/image0041.png 1 0 0 64 64
p/image0042.png 1 0 0 64 64
p/image0043.png 1 0 0 64 64
p/image0044.png 1 0 0 64 64
p/image0045.png 1 0 0 64 64
p/image0046.png 1 0 0 64 64
p/image0047.png 1 0 0 64 64
p/image0048.png 1 0 0 64 64
p/image0049.png 1 0 0 64 64
p/image0050.png 1 0 0 64 64
p/image0051.png 1 0 0 64 64
p/image0052.png 1 0 0 64 64
p/image0053.png 1 0 0 64 64
p/image0054.png 1 0 0 64 64
p/image0055.png 1 0 0 64 64
p/image0056.png 1 0 0 64 64
p/image0057.png 1 0 0 64 64
p/image0058.png 1 0 0 64 64
p/image0059.png 1 0 0 64 64
p/image0060.png 1 0 0 64 64
p/image0061.png 1 0 0 64 64
p/image0062.png 1 0 0 64 64
p/image0063.png 1 0 0 64 64
p/image0064.png 1 0 0 64 64
p/image0065.png 1 0 0 64 64
p/image0066.png 1 0 0 64 64
p/image0067.png 1 0 0 64 64
p/image0068.png 1 0 0 64 64
p/image0069.png 1 0 0 64 64
p/image0070.png 1 0 0 64 64
p/image0071.png 1 0 0 64 64
p/image0072.png 1 0 0 64 64
p/image0073.png 1 0 0 64 64
p/image0074.png 1 0 0 64 64
p/image0075.png 1 0 0 64 64
p/image0076.png 1 0 0 64 64
p/image0077.png 1 0 0 64 64
p/image0078.png 1 0 0 64 64
p/image0079.png 1 0 0 64 64
p/image0080.png 1 0 0 64 64
p/image0081.png 1 0 0 64 64
p/image0082.png 1 0 0 64 64
p/image0083.png 1 0 0 64 64
p/image0084.png 1 0 0 64 64
p/image0085.png 1 0 0 64 64
p/image0086.png 1 0 0 64 64
p/image0087.png 1 0 0 64 64
p/image0088.png 1 0 0 64 64
p/image0089.png 1 0 0 64 64
p/image0090.png 1 0 0 64 64
p/image0091.png 1 0 0 64 64
p/image0092.png 1 0 0 64 64
p/image0093.png 1 0 0 64 64
p/image0094.png 1 0 0 64 64
p/image0095.png 1 0 0 64 64
p/image0096.png 1 0 0 64 64
p/image0097.png 1 0 0 64 64
p/image0098.png 1 0 0 64 64
p/image0099.png 1 0 0 64 64
p/image0100.png 1 0 0 64 64
p/image0101.png 1 0 0 64 64
p/image0102.png 1 0 0 64 64
p/image0103.png 1 0 0 64 64
p/image0104.png 1 0 0 64 64
p/image0105.png 1 0 0 64 64
p/image0106.png 1 0 0 64 64
p/image0107.png 1 0 0 64 64
p/image0108.png 1 0 0 64 64
p/image0109.png 1 0 0 64 64
p/image0110.png 1 0 0 64 64
p/image0111.png 1 0 0 64 64
p/image0112.png 1 0 0 64 64
p/image0113.png 1 0 0 64 64
p/image0114.png 1 0 0 64 64
p/image0115.png 1 0 0 64 64
p/image0116.png 1 0 0 64 64
p/image0117.png 1 0 0 64 64
p/image0118.png 1 0 0 64 64
p/image0119.png 1 0 0 64 64
p/image0120.png 1 0 0 64 64
p/image0121.png 1 0 0 64 64
p/image0122.png 1 0 0 64 64
p/image0123.png 1 0 0 64 64
p/image0124.png 1 0 0 64 64
p/image0125.png 1 0 0 64 64
p/image0126.png 1 0 0 64 64
p/image0127.png 1 0 0 64 64
p/image0128.png 1 0 0 64 64
p/image0129.png 1 0 0 64 64
p/image0130.png 1 0 0 64 64
p/image0131.png 1 0 0 64 64
p/image0132.png 1 0 0 64 64
p/image0133.png 1 0 0 64 64
p/image0134.png 1 0 0 64 64
p/image0135.png 1 0 0 64 64
p/image0136.png 1 0 0 64 64
p/image0137.png 1 0 0 64 64
p/image0138.png 1 0 0 64 64
p/image0139.png 1 0 0 64 64
p/image0140.png 1 0 0 64 64
p/image0141.png 1 0 0 64 64
p/image0142.png 1 0 0 64 64
p/image0143.png 1 0 0 64 64
p/image0144.png 1 0 0 64 64
p/image0145.png 1 0 0 64 64
p/image0146.png 1 0 0 64 64
p/image0147.png 1 0 0 64 64
p/image0148.png 1 0 0 64 64
p/image0149.png 1 0 0 64 64
p/image0150.png 1 0 0 64 64
p/image0151.png 1 0 0 64 64
p/image0152.png 1 0 0 64 64
p/image0153.png 1 0 0 64 64
p/image0154.png 1 0 0 64 64
p/image0155.png 1 0 0 64 64
p/image0156.png 1 0 0 64 64
p/image0157.png 1 0 0 64 64
p/image0158.png 1 0 0 64 64
p/image0159.png 1 0 0 64 64
p/image0160.png 1 0 0 64 64
p/image0161.png 1 0 0 64 64
p/image0162.png 1 0 0 64 64
p/image0163.png 1 0 0 64 64
p/image0164.png 1 0 0 64 64
p/image0165.png 1 0 0 64 64
p/image0166.png 1 0 0 64 64
p/image0167.png 1 0 0 64 64
p/image0168.png 1 0 0 64 64
p/image0169.png 1 0 0 64 64
p/image0170.png 1 0 0 64 64
p/image0171.png 1 0 0 64 64
p/image0172.png 1 0 0 64 64
p/image0173.png 1 0 0 64 64
p/image0174.png 1 0 0 64 64
p/image0175.png 1 0 0 64 64
p/image0176.png 1 0 0 64 64
p/image0177.png 1 0 0 64 64
p/image0178.png 1 0 0 64 64
p/image0179.png 1 0 0 64 64
p/image0180.png 1 0 0 64 64
p/image0181.png 1 0 0 64 64
p/image0182.png 1 0 0 64 64
p/image0183.png 1 0 0 64 64
p/image0184.png 1 0 0 64 64
p/image0185.png 1 0 0 64 64
p/image0186.png 1 0 0 64 64
p/image0187.png 1 0 0 64 64
p/image0188.png 1 0 0 64 64
p/image0189.png 1 0 0 64 64
p/image0190.png 1 0 0 64 64
p/image0191.png 1 0 0 64 64
p/image0192.png 1 0 0 64 64
p/image0193.png 1 0 0 64 64
p/image0194.png 1 0 0 64 64
p/image0195.png 1 0 0 64 64
p/image0196.png 1 0 0 64 64
p/image0197.png 1 0 0 64 64
p/image0198.png 1 0 0 64 64
p/image0199.png 1 0 0 64 64
p/image0200.png 1 0 0 64 64
p/image0201.png 1 0 0 64 64
p/image0202.png 1 0 0 64 64
p/image0203.png 1 0 0 64 64
p/image0204.png 1 0 0 64 64
p/image0205.png 1 0 0 64 64
p/image0206.png 1 0 0 64 64
p/image0207.png 1 0 0 64 64
p/image0208.png 1 0 0 64 64
p/image0209.png 1 0 0 64 64
p/image0210.png 1 0 0 64 64
p/image0211.png 1 0 0 64 64
p/image0212.png 1 0 0 64 64
p/image0213.png 1 0 0 64 64
p/image0214.png 1 0 0 64 64
p/image0215.png 1 0 0 64 64
p/image0216.png 1 0 0 64 64
p/image0217.png 1 0 0 64 64
p/image0218.png 1 0 0 64 64
p/image0219.png 1 0 0 64 64
p/image0220.png 1 0 0 64 64
p/image0221.png 1 0 0 64 64
p/image0222.png 1 0 0 64 64
p/image0223.png 1 0 0 64 64
p/image0224.png 1 0 0 64 64
p/image0225.png 1 0 0 64 64
p/image0226.png 1 0 0 64 64
p/image0227.png 1 0 0 64 64
p/image0228.png 1 0 0 64 64
p/image0229.png 1 0 0 64 64
p/image0230.png 1 0 0 64 64
p/image0231.png 1 0 0 64 64
p/image0232.png 1 0 0 64 64
p/image0233.png 1 0 0 64 64
p/image0234.png 1 0 0 64 64
p/image0235.png 1 0 0 64 64
p/image0236.png 1 0 0 64 64
p/image0237.png 1 0 0 64 64
p/image0238.png 1 0 0 64 64
p/image0239.png 1 0 0 64 64
p/image0240.png 1 0 0 64 64
p/image0241.png 1 0 0 64 64
p/image0242.png 1 0 0 64 64
p/image0243.png 1 0 0 64 64
p/image0244.png 1 0 0 64 64
p/image0245.png 1 0 0 64 64
p/image0246.png 1 0 0 64 64
p/image0247.png 1 0 0 64 64
p/image0248.png 1 0 0 64 64
p/image0249.png 1 0 0 64 64
p/image0250.png 1 0 0 64 64
p/image0251.png 1 0 0 64 64
p/image0252.png 1 0 0 64 64
p/image0253.png 1 0 0 64 64
p/image0254.png 1 0 0 64 64
p/image0255.png 1 0 0 64 64
p/image0256.png 1 0 0 64 64
p/image0257.png 1 0 0 64 64
p/image0258.png 1 0 0 64 64
p/image0259.png 1 0 0 64 64
p/image0260.png 1 0 0 64 64
p/image0261.png 1 0 0 64 64
p/image0262.png 1 0 0 64 64
p/image0263.png 1 0 0 64 64
p/image0264.png 1 0 0 64 64
p/image0265.png 1 0 0 64 64
p/image0266.png 1 0 0 64 64
p/image0267.png 1 0 0 64 64
p/image0268.png 1 0 0 64 64
p/image0269.png 1 0 0 64 64
p/image0270.png 1 0 0 64 64
p/image0271.png 1 0 0 64 64
p/image0272.png 1 0 0 64 64
p/image0273.png 1 0 0 64 64
p/image0274.png 1 0 0 64 64
p/image0275.png 1 0 0 64 64
p/image0276.png 1 0 0 64 64
p/image0277.png 1 0 0 64 64
p/image0278.png 1 0 0 64 64
p/image0279.png 1 0 0 64 64
p/image0280.png 1 0 0 64 64
p/image0281.png 1 0 0 64 64
p/image0282.png 1 0 0 64 64
p/image0283.png 1 0 0 64 64
p/image0284.png 1 0 0 64 64
p/image0285.png 1 0 0 64 64
p/image0286.png 1 0 0 64 64
p/image0287.png 1 0 0 64 64
p/image0288.png 1 0 0 64 64
p/image0289.png 1 0 0 64 64
p/image0290.png 1 0 0 64 64
p/image0291.png 1 0 0 64 64
p/image0292.png 1 0 0 64 64
p/image0293.png 1 0 0 64 64
p/image0294.png 1 0 0 64 64
p/image0295.png 1 0 0 64 64
p/image0296.png 1 0 0 64 64
p/image0297.png 1 0 0 64 64
p/image0298.png 1 0 0 64 64
p/image0299.png 1 0 0 64 64
p/image0300.png 1 0 0 64 64
p/image0301.png 1 0 0 64 64
p/image0302.png 1 0 0 64 64
p/image0303.png 1 0 0 64 64
p/image0304.png 1 0 0 64 64
p/image0305.png 1 0 0 64 64
p/image0306.png 1 0 0 64 64
p/image0307.png 1 0 0 64 64
p/image0308.png 1 0 0 64 64
p/image0309.png 1 0 0 64 64
p/image0310.png 1 0 0 64 64
p/image0311.png 1 0 0 64 64
p/image0312.png 1 0 0 64 64
p/image0313.png 1 0 0 64 64
p/image0314.png 1 0 0 64 64
p/image0315.png 1 0 0 64 64
p/image0316.png 1 0 0 64 64
p/image0317.png 1 0 0 64 64
p/image0318.png 1 0 0 64 64
p/image0319.png 1 0 0 64 64
p/image0320.png 1 0 0 64 64
p/image0321.png 1 0 0 64 64
p/image0322.png 1 0 0 64 64
p/image0323.png 1 0 0 64 64
p/image0324.png 1 0 0 64 64
p/image0325.png 1 0 0 64 64
p/image0326.png 1 0 0 64 64
p/image0327.png 1 0 0 64 64
p/image0328.png 1 0 0 64 64
p/image0329.png 1 0 0 64 64
p/image0330.png 1 0 0 64 64
p/image0331.png 1 0 0 64 64
p/image0332.png 1 0 0 64 64
p/image0333.png 1 0 0 64 64
p/image0334.png 1 0 0 64 64
p/image0335.png 1 0 0 64 64
p/image0336.png 1 0 0 64 64
p/image0337.png 1 0 0 64 64
p/image0338.png 1 0 0 64 64
p/image0339.png 1 0 0 64 64
p/image0340.png 1 0 0 64 64
p/image0341.png 1 0 0 64 64
p/image0342.png 1 0 0 64 64
p/image0343.png 1 0 0 64 64
p/image0344.png 1 0 0 64 64
p/image0345.png 1 0 0 64 64
p/image0346.png 1 0 0 64 64
p/image0347.png 1 0 0 64 64
p/image0348.png 1 0 0 64 64
p/image0349.png 1 0 0 64 64
p/image0350.png 1 0 0 64 64
p/image0351.png 1 0 0 64 64
p/image0352.png 1 0 0 64 64
p/image0353.png 1 0 0 64 64
p/image0354.png 1 0 0 64 64
p/image0355.png 1 0 0 64 64
p/image0356.png 1 0 0 64 64
p/image0357.png 1 0 0 64 64
p/image0358.png 1 0 0 64 64
p/image0359.png 1 0 0 64 64
p/image0360.png 1 0 0 64 64
p/image0361.png 1 0 0 64 64
p/image0362.png 1 0 0 64 64
p/image0363.png 1 0 0 64 64
p/image0364.png 1 0 0 64 64
p/image0365.png 1 0 0 64 64
p/image0366.png 1 0 0 64 64
p/image0367.png 1 0 0 64 64
p/image0368.png 1 0 0 64 64
p/image0369.png 1 0 0 64 64
p/image0370.png 1 0 0 64 64
p/image0371.png 1 0 0 64 64
p/image0372.png 1 0 0 64 64
p/image0373.png 1 0 0 64 64
p/image0374.png 1 0 0 64 64
p/image0375.png 1 0 0 64 64
p/image0376.png 1 0 0 64 64
p/image0377.png 1 0 0 64 64
p/image0378.png 1 0 0 64 64
p/image0379.png 1 0 0 64 64
p/image0380.png 1 0 0 64 64
p/image0381.png 1 0 0 64 64
p/image0382.png 1 0 0 64 64
p/image0383.png 1 0 0 64 64
p/image0384.png 1 0 0 64 64
p/image0385.png 1 0 0 64 64
p/image0386.png 1 0 0 64 64
p/image0387.png 1 0 0 64 64
p/image0388.png 1 0 0 64 64
p/image0389.png 1 0 0 64 64
p/image0390.png 1 0 0 64 64
p/image0391.png 1 0 0 64 64
p/image0392.png 1 0 0 64 64
p/image0393.png 1 0 0 64 64
p/image0394.png 1 0 0 64 64
p/image0395.png 1 0 0 64 64
p/image0396.png 1 0 0 64 64
p/image0397.png 1 0 0 64 64
p/image0398.png 1 0 0 64 64
p/image0399.png 1 0 0 64 64
p/image0400.png 1 0 0 64 64
p/image0401.png 1 0 0 64 64
p/image0402.png 1 0 0 64 64
p/image0403.png 1 0 0 64 64
p/image0404.png 1 0 0 64 64
p/image0405.png 1 0 0 64 64
p/image0406.png 1 0 0 64 64
p/image0407.png 1 0 0 64 64
p/image0408.png 1 0 0 64 64
p/image0409.png 1 0 0 64 64
p/image0410.png 1 0 0 64 64
p/image0411.png 1 0 0 64 64
p/image0412.png 1 0 0 64 64
p/image0413.png 1 0 0 64 64
p/image0414.png 1 0 0 64 64
p/image0415.png 1 0 0 64 64
p/image0416.png 1 0 0 64 64
p/image0417.png 1 0 0 64 64
p/image0418.png 1 0 0 64 64
p/image0419.png 1 0 0 64 64
p/image0420.png 1 0 0 64 64
p/image0421.png 1 0 0 64 64
p/image0422.png 1 0 0 64 64
p/image0423.png 1 0 0 64 64
p/image0424.png 1 0 0 64 64
p/image0425.png 1 0 0 64 64
p/image0426.png 1 0 0 64 64
p/image0427.png 1 0 0 64 64
p/image0428.png 1 0 0 64 64
p/image0429.png 1 0 0 64 64
p/image0430.png 1 0 0 64 64
p/image0431.png 1 0 0 64 64
p/image0432.png 1 0 0 64 64
p/image0433.png 1 0 0 64 64
p/image0434.png 1 0 0 64 64
p/image0435.png 1 0 0 64 64
p/image0436.png 1 0 0 64 64
p/image0437.png 1 0 0 64 64
p/image0438.png 1 0 0 64 64
p/image0439.png 1 0 0 64 64
p/image0440.png 1 0 0 64 64
p/image0441.png 1 0 0 64 64
p/image0442.png 1 0 0 64 64
p/image0443.png 1 0 0 64 64
p/image0444.png 1 0 0 64 64
p/image0445.png 1 0 0 64 64
p/image0446.png 1 0 0 64 64
p/image0447.png 1 0 0 64 64
p/image0448.png 1 0 0 64 64
p/image0449.png 1 0 0 64 64
p/image0450.png 1 0 0 64 64
p/image0451.png 1 0 0 64 64
p/image0452.png 1 0 0 64 64
p/image0453.png 1 0 0 64 64
p/image0454.png 1 0 0 64 64
p/image0455.png 1 0 0 64 64
p/image0456.png 1 0 0 64 64
p/image0457.png 1 0 0 64 64
p/image0458.png 1 0 0 64 64
p/image0459.png 1 0 0 64 64
p/image0460.png 1 0 0 64 64
p/image0461.png 1 0 0 64 64
p/image0462.png 1 0 0 64 64
p/image0463.png 1 0 0 64 64
p/image0464.png 1 0 0 64 64
p/image0465.png 1 0 0 64 64
p/image0466.png 1 0 0 64 64
p/image0467.png 1 0 0 64 64
p/image0468.png 1 0 0 64 64
p/image0469.png 1 0 0 64 64
p/image0470.png 1 0 0 64 64
p/image0471.png 1 0 0 64 64
p/image0472.png 1 0 0 64 64
p/image0473.png 1 0 0 64 64
p/image0474.png 1 0 0 64 64
p/image0475.png 1 0 0 64 64
p/image0476.png 1 0 0 64 64
p/image0477.png 1 0 0 64 64
p/image0478.png 1 0 0 64 64
p/image0479.png 1 0 0 64 64
p/image0480.png 1 0 0 64 64
p/image0481.png 1 0 0 64 64
p/image0482.png 1 0 0 64 64
p/image0483.png 1 0 0 64 64
p/image0484.png 1 0 0 64 64
p/image0485.png 1 0 0 64 64
p/image0486.png 1 0 0 64 64
p/image0487.png 1 0 0 64 64
p/image0488.png 1 0 0 64 64
p/image0489.png 1 0 0 64 64
p/image0490.png 1 0 0 64 64
p/image0491.png 1 0 0 64 64
p/image0492.png 1 0 0 64 64
p/image0493.png 1 0 0 64 64
p/image0494.png 1 0 0 64 64
p/image0495.png 1 0 0 64 64
p/image0496.png 1 0 0 64 64
p/image0497.png 1 0 0 64 64
p/image0498.png 1 0 0 64 64
p/image0499.png 1 0 0 64 64
p/image0500.png 1 0 0 64 64
p/image0501.png 1 0 0 64 64
p/image0502.png 1 0 0 64 64
p/image0503.png 1 0 0 64 64
p/image0504.png 1 0 0 64 64
p/image0505.png 1 0 0 64 64
p/image0506.png 1 0 0 64 64
p/image0507.png 1 0 0 64 64
p/image0508.png 1 0 0 64 64
p/image0509.png 1 0 0 64 64
p/image0510.png 1 0 0 64 64
p/image0511.png 1 0 0 64 64
p/image0512.png 1 0 0 64 64
p/image0513.png 1 0 0 64 64
p/image0514.png 1 0 0 64 64
p/image0515.png 1 0 0 64 64
p/image0516.png 1 0 0 64 64
p/image0517.png 1 0 0 64 64
p/image0518.png 1 0 0 64 64
p/image0519.png 1 0 0 64 64
p/image0520.png 1 0 0 64 64
p/image0521.png 1 0 0 64 64
p/image0522.png 1 0 0 64 64
p/image0523.png 1 0 0 64 64
p/image0524.png 1 0 0 64 64
p/image0525.png 1 0 0 64 64
p/image0526.png 1 0 0 64 64
p/image0527.png 1 0 0 64 64
p/image0528.png 1 0 0 64 64
p/image0529.png 1 0 0 64 64
p/image0530.png 1 0 0 64 64
p/image0531.png 1 0 0 64 64
p/image0532.png 1 0 0 64 64
p/image0533.png 1 0 0 64 64
p/image0534.png 1 0 0 64 64
p/image0535.png 1 0 0 64 64
p/image0536.png 1 0 0 64 64
p/image0537.png 1 0 0 64 64
p/image0538.png 1 0 0 64 64
p/image0539.png 1 0 0 64 64
p/image0540.png 1 0 0 64 64
p/image0541.png 1 0 0 64 64
p/image0542.png 1 0 0 64 64
p/image0543.png 1 0 0 64 64
p/image0544.png 1 0 0 64 64
p/image0545.png 1 0 0 64 64
p/image0546.png 1 0 0 64 64
p/image0547.png 1 0 0 64 64
p/image0548.png 1 0 0 64 64
p/image0549.png 1 0 0 64 64
p/image0550.png 1 0 0 64 64
p/image0551.png 1 0 0 64 64
p/image0552.png 1 0 0 64 64
p/image0553.png 1 0 0 64 64
p/image0554.png 1 0 0 64 64
p/image0555.png 1 0 0 64 64
p/image0556.png 1 0 0 64 64
p/image0557.png 1 0 0 64 64
p/image0558.png 1 0 0 64 64
p/image0559.png 1 0 0 64 64
p/image0560.png 1 0 0 64 64
p/image0561.png 1 0 0 64 64
p/image0562.png 1 0 0 64 64
p/image0563.png 1 0 0 64 64
p/image0564.png 1 0 0 64 64
p/image0565.png 1 0 0 64 64
p/image0566.png 1 0 0 64 64
p/image0567.png 1 0 0 64 64
p/image0568.png 1 0 0 64 64
p/image0569.png 1 0 0 64 64
p/image0570.png 1 0 0 64 64
p/image0571.png 1 0 0 64 64
p/image0572.png 1 0 0 64 64
p/image0573.png 1 0 0 64 64
p/image0574.png 1 0 0 64 64
p/image0575.png 1 0 0 64 64
p/image0576.png 1 0 0 64 64
p/image0577.png 1 0 0 64 64
p/image0578.png 1 0 0 64 64
p/image0579.png 1 0 0 64 64
p/image0580.png 1 0 0 64 64
p/image0581.png 1 0 0 64 64
p/image0582.png 1 0 0 64 64
p/image0583.png 1 0 0 64 64
p/image0584.png 1 0 0 64 64
p/image0585.png 1 0 0 64 64
p/image0586.png 1 0 0 64 64
p/image0587.png 1 0 0 64 64
p/image0588.png 1 0 0 64 64
p/image0589.png 1 0 0 64 64
p/image0590.png 1 0 0 64 64
p/image0591.png 1 0 0 64 64
p/image0592.png 1 0 0 64 64
p/image0593.png 1 0 0 64 64
p/image0594.png 1 0 0 64 64
p/image0595.png 1 0 0 64 64
p/image0596.png 1 0 0 64 64
p/image0597.png 1 0 0 64 64
p/image0598.png 1 0 0 64 64
p/image0599.png 1 0 0 64 64
p/image0600.png 1 0 0 64 64
p/image0601.png 1 0 0 64 64
p/image0602.png 1 0 0 64 64
p/image0603.png 1 0 0 64 64
p/image0604.png 1 0 0 64 64
p/image0605.png 1 0 0 64 64
p/image0606.png 1 0 0 64 64
p/image0607.png 1 0 0 64 64
p/image0608.png 1 0 0 64 64
p/image0609.png 1 0 0 64 64
p/image0610.png 1 0 0 64 64
p/image0611.png 1 0 0 64 64
p/image0612.png 1 0 0 64 64
p/image0613.png 1 0 0 64 64
p/image0614.png 1 0 0 64 64
p/image0615.png 1 0 0 64 64
p/image0616.png 1 0 0 64 64
p/image0617.png 1 0 0 64 64
p/image0618.png 1 0 0 64 64
p/image0619.png 1 0 0 64 64
p/image0620.png 1 0 0 64 64
p/image0621.png 1 0 0 64 64
p/image0622.png 1 0 0 64 64
p/image0623.png 1 0 0 64 64
p/image0624.png 1 0 0 64 64
p/image0625.png 1 0 0 64 64
p/image0626.png 1 0 0 64 64
p/image0627.png 1 0 0 64 64
p/image0628.png 1 0 0 64 64
p/image0629.png 1 0 0 64 64
p/image0630.png 1 0 0 64 64
p/image0631.png 1 0 0 64 64
p/image0632.png 1 0 0 64 64
p/image0633.png 1 0 0 64 64
p/image0634.png 1 0 0 64 64
p/image0635.png 1 0 0 64 64
p/image0636.png 1 0 0 64 64
p/image0637.png 1 0 0 64 64
p/image0638.png 1 0 0 64 64
p/image0639.png 1 0 0 64 64
p/image0640.png 1 0 0 64 64
p/image0641.png 1 0 0 64 64
p/image0642.png 1 0 0 64 64
p/image0643.png 1 0 0 64 64
p/image0644.png 1 0 0 64 64
p/image0645.png 1 0 0 64 64
p/image0646.png 1 0 0 64 64
p/image0647.png 1 0 0 64 64
p/image0648.png 1 0 0 64 64
p/image0649.png 1 0 0 64 64
p/image0650.png 1 0 0 64 64
p/image0651.png 1 0 0 64 64
p/image0652.png 1 0 0 64 64
p/image0653.png 1 0 0 64 64
p/image0654.png 1 0 0 64 64
p/image0655.png 1 0 0 64 64
p/image0656.png 1 0 0 64 64
p/image0657.png 1 0 0 64 64
p/image0658.png 1 0 0 64 64
p/image0659.png 1 0 0 64 64
p/image0660.png 1 0 0 64 64
p/image0661.png 1 0 0 64 64
p/image0662.png 1 0 0 64 64
p/image0663.png 1 0 0 64 64
p/image0664.png 1 0 0 64 64
p/image0665.png 1 0 0 64 64
p/image0666.png 1 0 0 64 64
p/image0667.png 1 0 0 64 64
p/image0668.png 1 0 0 64 64
p/image0669.png 1 0 0 64 64
p/image0670.png 1 0 0 64 64
p/image0671.png 1 0 0 64 64
p/image0672.png 1 0 0 64 64
p/image0673.png 1 0 0 64 64
p/image0674.png 1 0 0 64 64
p/image0675.png 1 0 0 64 64
p/image0676.png 1 0 0 64 64
p/image0677.png 1 0 0 64 64
p/image0678.png 1 0 0 64 64
p/image0679.png 1 0 0 64 64
p/image0680.png 1 0 0 64 64
p/image0681.png 1 0 0 64 64
p/image0682.png 1 0 0 64 64
p/image0683.png 1 0 0 64 64
p/image0684.png 1 0 0 64 64
p/image0685.png 1 0 0 64 64
p/image0686.png 1 0 0 64 64
p/image0687.png 1 0 0 64 64
p/image0688.png 1 0 0 64 64
p/image0689.png 1 0 0 64 64
p/image0690.png 1 0 0 64 64
p/image0691.png 1 0 0 64 64
p/image0692.png 1 0 0 64 64
p/image0693.png 1 0 0 64 64
p/image0694.png 1 0 0 64 64
p/image0695.png 1 0 0 64 64
p/image0696.png 1 0 0 64 64
p/image0697.png 1 0 0 64 64
p/image0698.png 1 0 0 64 64
p/image0699.png 1 0 0 64 64
p/image0700.png 1 0 0 64 64
p/image0701.png 1 0 0 64 64
p/image0702.png 1 0 0 64 64
p/image0703.png 1 0 0 64 64
p/image0704.png 1 0 0 64 64
p/image0705.png 1 0 0 64 64
p/image0706.png 1 0 0 64 64
p/image0707.png 1 0 0 64 64
p/image0708.png 1 0 0 64 64
p/image0709.png 1 0 0 64 64
p/image0710.png 1 0 0 64 64
p/image0711.png 1 0 0 64 64
p/image0712.png 1 0 0 64 64
p/image0713.png 1 0 0 64 64
p/image0714.png 1 0 0 64 64
p/image0715.png 1 0 0 64 64
p/image0716.png 1 0 0 64 64
p/image0717.png 1 0 0 64 64
p/image0718.png 1 0 0 64 64
p/image0719.png 1 0 0 64 64
p/image0720.png 1 0 0 64 64
p/image0721.png 1 0 0 64 64
p/image0722.png 1 0 0 64 64
p/image0723.png 1 0 0 64 64
p/image0724.png 1 0 0 64 64
p/image0725.png 1 0 0 64 64
p/image0726.png 1 0 0 64 64
p/image0727.png 1 0 0 64 64
p/image0728.png 1 0 0 64 64
p/image0729.png 1 0 0 64 64
p/image0730.png 1 0 0 64 64
p/image0731.png 1 0 0 64 64
p/image0732.png 1 0 0 64 64
p/image0733.png 1 0 0 64 64
p/image0734.png 1 0 0 64 64
p/image0735.png 1 0 0 64 64
p/image0736.png 1 0 0 64 64
p/image0737.png 1 0 0 64 64
p/image0738.png 1 0 0 64 64
p/image0739.png 1 0 0 64 64
p/image0740.png 1 0 0 64 64
p/image0741.png 1 0 0 64 64
p/image0742.png 1 0 0 64 64
p/image0743.png 1 0 0 64 64
p/image0744.png 1 0 0 64 64
p/image0745.png 1 0 0 64 64
p/image0746.png 1 0 0 64 64
p/image0747.png 1 0 0 64 64
p/image0748.png 1 0 0 64 64
p/image0749.png 1 0 0 64 64
p/image0750.png 1 0 0 64 64
p/image0751.png 1 0 0 64 64
p/image0752.png 1 0 0 64 64
p/image0753.png 1 0 0 64 64
p/image0754.png 1 0 0 64 64
p/image0755.png 1 0 0 64 64
p/image0756.png 1 0 0 64 64
p/image0757.png 1 0 0 64 64
p/image0758.png 1 0 0 64 64
p/image0759.png 1 0 0 64 64
p/image0760.png 1 0 0 64 64
p/image0761.png 1 0 0 64 64
p/image0762.png 1 0 0 64 64
p/image0763.png 1 0 0 64 64
p/image0764.png 1 0 0 64 64
p/image0765.png 1 0 0 64 64
p/image0766.png 1 0 0 64 64
p/image0767.png 1 0 0 64 64
p/image0768.png 1 0 0 64 64
p/image0769.png 1 0 0 64 64
p/image0770.png 1 0 0 64 64
p/image0771.png 1 0 0 64 64
p/image0772.png 1 0 0 64 64
p/image0773.png 1 0 0 64 64
p/image0774.png 1 0 0 64 64
p/image0775.png 1 0 0 64 64
p/image0776.png 1 0 0 64 64
p/image0777.png 1 0 0 64 64
p/image0778.png 1 0 0 64 64
p/image0779.png 1 0 0 64 64
p/image0780.png 1 0 0 64 64
p/image0781.png 1 0 0 64 64
p/image0782.png 1 0 0 64 64
p/image0783.png 1 0 0 64 64
p/image0784.png 1 0 0 64 64
p/image0785.png 1 0 0 64 64
p/image0786.png 1 0 0 64 64
p/image0787.png 1 0 0 64 64
p/image0788.png 1 0 0 64 64
p/image0789.png 1 0 0 64 64
p/image0790.png 1 0 0 64 64
p/image0791.png 1 0 0 64 64
p/image0792.png 1 0 0 64 64
p/image0793.png 1 0 0 64 64
p/image0794.png 1 0 0 64 64
p/image0795.png 1 0 0 64 64
p/image0796.png 1 0 0 64 64
p/image0797.png 1 0 0 64 64
p/image0798.png 1 0 0 64 64
p/image0799.png 1 0 0 64 64
p/image0800.png 1 0 0 64 64
p/image0801.png 1 0 0 64 64
p/image0802.png 1 0 0 64 64
p/image0803.png 1 0 0 64 64
p/image0804.png 1 0 0 64 64
p/image0805.png 1 0 0 64 64
p/image0806.png 1 0 0 64 64
p/image0807.png 1 0 0 64 64
p/image0808.png 1 0 0 64 64
p/image0809.png 1 0 0 64 64
p/image0810.png 1 0 0 64 64
p/image0811.png 1 0 0 64 64
p/image0812.png 1 0 0 64 64
p/image0813.png 1 0 0 64 64
p/image0814.png 1 0 0 64 64
p/image0815.png 1 0 0 64 64
p/image0816.png 1 0 0 64 64
p/image0817.png 1 0 0 64 64
p/image0818.png 1 0 0 64 64
p/image0819.png 1 0 0 64 64
p/image0820.png 1 0 0 64 64
p/image0821.png 1 0 0 64 64
p/image0822.png 1 0 0 64 64
p/image0823.png 1 0 0 64 64
p/image0824.png 1 0 0 64 64
p/image0825.png 1 0 0 64 64
p/image0826.png 1 0 0 64 64
p/image0827.png 1 0 0 64 64
p/image0828.png 1 0 0 64 64
p/image0829.png 1 0 0 64 64
p/image0830.png 1 0 0 64 64
p/image0831.png 1 0 0 64 64
p/image0832.png 1 0 0 64 64
p/image0833.png 1 0 0 64 64
p/image0834.png 1 0 0 64 64
p/image0835.png 1 0 0 64 64
p/image0836.png 1 0 0 64 64
p/image0837.png 1 0 0 64 64
p/image0838.png 1 0 0 64 64
p/image0839.png 1 0 0 64 64
p/image0840.png 1 0 0 64 64
p/image0841.png 1 0 0 64 64
p/image0842.png 1 0 0 64 64
p/image0843.png 1 0 0 64 64
p/image0844.png 1 0 0 64 64
p/image0845.png 1 0 0 64 64
p/image0846.png 1 0 0 64 64
p/image0847.png 1 0 0 64 64
p/image0848.png 1 0 0 64 64
p/image0849.png 1 0 0 64 64
p/image0850.png 1 0 0 64 64
p/image0851.png 1 0 0 64 64
p/image0852.png 1 0 0 64 64
p/image0853.png 1 0 0 64 64
p/image0854.png 1 0 0 64 64
p/image0855.png 1 0 0 64 64
p/image0856.png 1 0 0 64 64
p/image0857.png 1 0 0 64 64
p/image0858.png 1 0 0 64 64
p/image0859.png 1 0 0 64 64
p/image0860.png 1 0 0 64 64
p/image0861.png 1 0 0 64 64
p/image0862.png 1 0 0 64 64
p/image0863.png 1 0 0 64 64
p/image0864.png 1 0 0 64 64
p/image0865.png 1 0 0 64 64
p/image0866.png 1 0 0 64 64
p/image0867.png 1 0 0 64 64
p/image0868.png 1 0 0 64 64
p/image0869.png 1 0 0 64 64
p/image0870.png 1 0 0 64 64
p/image0871.png 1 0 0 64 64
p/image0872.png 1 0 0 64 64
p/image0873.png 1 0 0 64 64
p/image0874.png 1 0 0 64 64
p/image0875.png 1 0 0 64 64
p/image0876.png 1 0 0 64 64
p/image0877.png 1 0 0 64 64
p/image0878.png 1 0 0 64 64
p/image0879.png 1 0 0 64 64
p/image0880.png 1 0 0 64 64
p/image0881.png 1 0 0 64 64
p/image0882.png 1 0 0 64 64
p/image0883.png 1 0 0 64 64
p/image0884.png 1 0 0 64 64
p/image0885.png 1 0 0 64 64
p/image0886.png 1 0 0 64 64
p/image0887.png 1 0 0 64 64
p/image0888.png 1 0 0 64 64
p/image0889.png 1 0 0 64 64
p/image0890.png 1 0 0 64 64
p/image0891.png 1 0 0 64 64
p/image0892.png 1 0 0 64 64
p/image0893.png 1 0 0 64 64
p/image0894.png 1 0 0 64 64
p/image0895.png 1 0 0 64 64
p/image0896.png 1 0 0 64 64
p/image0897.png 1 0 0 64 64
p/image0898.png 1 0 0 64 64
p/image0899.png 1 0 0 64 64
p/image0900.png 1 0 0 64 64
p/image0901.png 1 0 0 64 64
p/image0902.png 1 0 0 64 64
p/image0903.png 1 0 0 64 64
p/image0904.png 1 0 0 64 64
p/image0905.png 1 0 0 64 64
p/image0906.png 1 0 0 64 64
p/image0907.png 1 0 0 64 64
p/image0908.png 1 0 0 64 64
p/image0909.png 1 0 0 64 64
p/image0910.png 1 0 0 64 64
p/image0911.png 1 0 0 64 64
p/image0912.png 1 0 0 64 64
p/image0913.png 1 0 0 64 64
p/image0914.png 1 0 0 64 64
p/image0915.png 1 0 0 64 64
p/image0916.png 1 0 0 64 64
p/image0917.png 1 0 0 64 64
p/image0918.png 1 0 0 64 64
p/image0919.png 1 0 0 64 64
p/image0920.png 1 0 0 64 64
p/image0921.png 1 0 0 64 64
p/image0922.png 1 0 0 64 64
p/image0923.png 1 0 0 64 64
p/image0924.png 1 0 0 64 64
p/image0925.png 1 0 0 64 64
p/image0926.png 1 0 0 64 64
p/image0927.png 1 0 0 64 64
p/image0928.png 1 0 0 64 64
p/image0929.png 1 0 0 64 64
p/image0930.png 1 0 0 64 64
p/image0931.png 1 0 0 64 64
p/image0932.png 1 0 0 64 64
p/image0933.png 1 0 0 64 64
p/image0934.png 1 0 0 64 64
p/image0935.png 1 0 0 64 64
p/image0936.png 1 0 0 64 64
p/image0937.png 1 0 0 64 64
p/image0938.png 1 0 0 64 64
p/image0939.png 1 0 0 64 64
p/image0940.png 1 0 0 64 64
p/image0941.png 1 0 0 64 64
p/image0942.png 1 0 0 64 64
p/image0943.png 1 0 0 64 64
p/image0944.png 1 0 0 64 64
p/image0945.png 1 0 0 64 64
p/image0946.png 1 0 0 64 64
p/image0947.png 1 0 0 64 64
p/image0948.png 1 0 0 64 64
p/image0949.png 1 0 0 64 64
p/image0950.png 1 0 0 64 64
p/image0951.png 1 0 0 64 64
p/image0952.png 1 0 0 64 64
p/image0953.png 1 0 0 64 64
p/image0954.png 1 0 0 64 64
p/image0955.png 1 0 0 64 64
p/image0956.png 1 0 0 64 64
p/image0957.png 1 0 0 64 64
p/image0958.png 1 0 0 64 64
p/image0959.png 1 0 0 64 64
p/image0960.png 1 0 0 64 64
p/image0961.png 1 0 0 64 64
p/image0962.png 1 0 0 64 64
p/image0963.png 1 0 0 64 64
p/image0964.png 1 0 0 64 64
p/image0965.png 1 0 0 64 64
p/image0966.png 1 0 0 64 64
p/image0967.png 1 0 0 64 64
p/image0968.png 1 0 0 64 64
p/image0969.png 1 0 0 64 64
p/image0970.png 1 0 0 64 64
p/image0971.png 1 0 0 64 64
p/image0972.png 1 0 0 64 64
p/image0973.png 1 0 0 64 64
p/image0974.png 1 0 0 64 64
p/image0975.png 1 0 0 64 64
p/image0976.png 1 0 0 64 64
p/image0977.png 1 0 0 64 64
p/image0978.png 1 0 0 64 64
p/image0979.png 1 0 0 64 64
p/image0980.png 1 0 0 64 64
p/image0981.png 1 0 0 64 64
p/image0982.png 1 0 0 64 64
p/image0983.png 1 0 0 64 64
p/image0984.png 1 0 0 64 64
p/image0985.png 1 0 0 64 64
p/image0986.png 1 0 0 64 64
p/image0987.png 1 0 0 64 64
p/image0988.png 1 0 0 64 64
p/image0989.png 1 0 0 64 64
p/image0990.png 1 0 0 64 64
p/image0991.png 1 0 0 64 64
p/image0992.png 1 0 0 64 64
p/image0993.png 1 0 0 64 64
p/image0994.png 1 0 0 64 64
p/image0995.png 1 0 0 64 64
p/image0996.png 1 0 0 64 64
p/image0997.png 1 0 0 64 64
p/image0998.png 1 0 0 64 64
p/image0999.png 1 0 0 64 64
p/image1000.png 1 0 0 64 64
p/image1001.png 1 0 0 64 64
p/image1002.png 1 0 0 64 64
p/image1003.png 1 0 0 64 64
p/image1004.png 1 0 0 64 64
p/image1005.png 1 0 0 64 64
p/image1006.png 1 0 0 64 64
p/image1007.png 1 0 0 64 64
p/image1008.png 1 0 0 64 64
p/image1009.png 1 0 0 64 64
p/image1010.png 1 0 0 64 64
p/image1011.png 1 0 0 64 64
p/image1012.png 1 0 0 64 64
p/image1013.png 1 0 0 64 64
p/image1014.png 1 0 0 64 64
p/image1015.png 1 0 0 64 64
p/image1016.png 1 0 0 64 64
p/image1017.png 1 0 0 64 64
p/image1018.png 1 0 0 64 64
p/image1019.png 1 0 0 64 64
p/image1020.png 1 0 0 64 64
p/image1021.png 1 0 0 64 64
p/image1022.png 1 0 0 64 64
p/image1023.png 1 0 0 64 64
p/image1024.png 1 0 0 64 64
p/image1025.png 1 0 0 64 64
p/image1026.png 1 0 0 64 64
p/image1027.png 1 0 0 64 64
p/image1028.png 1 0 0 64 64
p/image1029.png 1 0 0 64 64
p/image1030.png 1 0 0 64 64
p/image1031.png 1 0 0 64 64
p/image1032.png 1 0 0 64 64
p/image1033.png 1 0 0 64 64
p/image1034.png 1 0 0 64 64
p/image1035.png 1 0 0 64 64
p/image1036.png 1 0 0 64 64
p/image1037.png 1 0 0 64 64
p/image1038.png 1 0 0 64 64
p/image1039.png 1 0 0 64 64
p/image1040.png 1 0 0 64 64
p/image1041.png 1 0 0 64 64
p/image1042.png 1 0 0 64 64
p/image1043.png 1 0 0 64 64
p/image1044.png 1 0 0 64 64
p/image1045.png 1 0 0 64 64
p/image1046.png 1 0 0 64 64
p/image1047.png 1 0 0 64 64
p/image1048.png 1 0 0 64 64
p/image1049.png 1 0 0 64 64
p/image1050.png 1 0 0 64 64
p/image1051.png 1 0 0 64 64
p/image1052.png 1 0 0 64 64
p/image1053.png 1 0 0 64 64
p/image1054.png 1 0 0 64 64
p/image1055.png 1 0 0 64 64
p/image1056.png 1 0 0 64 64
p/image1057.png 1 0 0 64 64
p/image1058.png 1 0 0 64 64
p/image1059.png 1 0 0 64 64
p/image1060.png 1 0 0 64 64
p/image1061.png 1 0 0 64 64
p/image1062.png 1 0 0 64 64
p/image1063.png 1 0 0 64 64
p/image1064.png 1 0 0 64 64
p/image1065.png 1 0 0 64 64
p/image1066.png 1 0 0 64 64
p/image1067.png 1 0 0 64 64
p/image1068.png 1 0 0 64 64
p/image1069.png 1 0 0 64 64
p/image1070.png 1 0 0 64 64
p/image1071.png 1 0 0 64 64
p/image1072.png 1 0 0 64 64
p/image1073.png 1 0 0 64 64
p/image1074.png 1 0 0 64 64
p/image1075.png 1 0 0 64 64
p/image1076.png 1 0 0 64 64
p/image1077.png 1 0 0 64 64
p/image1078.png 1 0 0 64 64
p/image1079.png 1 0 0 64 64
p/image1080.png 1 0 0 64 64
p/image1081.png 1 0 0 64 64
p/image1082.png 1 0 0 64 64
p/image1083.png 1 0 0 64 64
p/image1084.png 1 0 0 64 64
p/image1085.png 1 0 0 64 64
p/image1086.png 1 0 0 64 64
p/image1087.png 1 0 0 64 64
p/image1088.png 1 0 0 64 64
p/image1089.png 1 0 0 64 64
p/image1090.png 1 0 0 64 64
p/image1091.png 1 0 0 64 64
p/image1092.png 1 0 0 64 64
p/image1093.png 1 0 0 64 64
p/image1094.png 1 0 0 64 64
p/image1095.png 1 0 0 64 64
p/image1096.png 1 0 0 64 64
p/image1097.png 1 0 0 64 64
p/image1098.png 1 0 0 64 64
p/image1099.png 1 0 0 64 64
p/image1100.png 1 0 0 64 64
p/image1101.png 1 0 0 64 64
p/image1102.png 1 0 0 64 64
p/image1103.png 1 0 0 64 64
p/image1104.png 1 0 0 64 64
p/image1105.png 1 0 0 64 64
p/image1106.png 1 0 0 64 64
p/image1107.png 1 0 0 64 64
p/image1108.png 1 0 0 64 64
p/image1109.png 1 0 0 64 64
p/image1110.png 1 0 0 64 64
p/image1111.png 1 0 0 64 64
p/image1112.png 1 0 0 64 64
p/image1113.png 1 0 0 64 64
p/image1114.png 1 0 0 64 64
p/image1115.png 1 0 0 64 64
p/image1116.png 1 0 0 64 64
p/image1117.png 1 0 0 64 64
p/image1118.png 1 0 0 64 64
p/image1119.png 1 0 0 64 64
p/image1120.png 1 0 0 64 64
p/image1121.png 1 0 0 64 64
p/image1122.png 1 0 0 64 64
p/image1123.png 1 0 0 64 64
p/image1124.png 1 0 0 64 64
p/image1125.png 1 0 0 64 64
p/image1126.png 1 0 0 64 64
p/image1127.png 1 0 0 64 64
p/image1128.png 1 0 0 64 64
p/image1129.png 1 0 0 64 64
p/image1130.png 1 0 0 64 64
p/image1131.png 1 0 0 64 64
p/image1132.png 1 0 0 64 64
p/image1133.png 1 0 0 64 64
p/image1134.png 1 0 0 64 64
p/image1135.png 1 0 0 64 64
p/image1136.png 1 0 0 64 64
p/image1137.png 1 0 0 64 64
p/image1138.png 1 0 0 64 64
p/image1139.png 1 0 0 64 64
p/image1140.png 1 0 0 64 64
p/image1141.png 1 0 0 64 64
p/image1142.png 1 0 0 64 64
p/image1143.png 1 0 0 64 64
p/image1144.png 1 0 0 64 64
p/image1145.png 1 0 0 64 64
p/image1146.png 1 0 0 64 64
p/image1147.png 1 0 0 64 64
p/image1148.png 1 0 0 64 64
p/image1149.png 1 0 0 64 64
p/image1150.png 1 0 0 64 64
p/image1151.png 1 0 0 64 64
p/image1152.png 1 0 0 64 64
p/image1153.png 1 0 0 64 64
p/image1154.png 1 0 0 64 64
p/image1155.png 1 0 0 64 64
p/image1156.png 1 0 0 64 64
p/image1157.png 1 0 0 64 64
p/image1158.png 1 0 0 64 64
p/image1159.png 1 0 0 64 64
p/image1160.png 1 0 0 64 64
p/image1161.png 1 0 0 64 64
p/image1162.png 1 0 0 64 64
p/image1163.png 1 0 0 64 64
p/image1164.png 1 0 0 64 64
p/image1165.png 1 0 0 64 64
p/image1166.png 1 0 0 64 64
p/image1167.png 1 0 0 64 64
p/image1168.png 1 0 0 64 64
p/image1169.png 1 0 0 64 64
p/image1170.png 1 0 0 64 64
p/image1171.png 1 0 0 64 64
p/image1172.png 1 0 0 64 64
p/image1173.png 1 0 0 64 64
p/image1174.png 1 0 0 64 64
p/image1175.png 1 0 0 64 64
p/image1176.png 1 0 0 64 64
p/image1177.png 1 0 0 64 64
p/image1178.png 1 0 0 64 64
p/image1179.png 1 0 0 64 64
p/image1180.png 1 0 0 64 64
p/image1181.png 1 0 0 64 64
p/image1182.png 1 0 0 64 64
p/image1183.png 1 0 0 64 64
p/image1184.png 1 0 0 64 64
p/image1185.png 1 0 0 64 64
p/image1186.png 1 0 0 64 64
p/image1187.png 1 0 0 64 64
p/image1188.png 1 0 0 64 64
p/image1189.png 1 0 0 64 64
p/image1190.png 1 0 0 64 64
p/image1191.png 1 0 0 64 64
p/image1192.png 1 0 0 64 64
p/image1193.png 1 0 0 64 64
p/image1194.png 1 0 0 64 64
p/image1195.png 1 0 0 64 64
p/image1196.png 1 0 0 64 64
p/image1197.png 1 0 0 64 64
p/image1198.png 1 0 0 64 64
p/image1199.png 1 0 0 64 64
p/image1200.png 1 0 0 64 64
p/image1201.png 1 0 0 64 64
p/image1202.png 1 0 0 64 64
p/image1203.png 1 0 0 64 64
p/image1204.png 1 0 0 64 64
p/image1205.png 1 0 0 64 64
p/image1206.png 1 0 0 64 64
p/image1207.png 1 0 0 64 64
p/image1208.png 1 0 0 64 64
p/image1209.png 1 0 0 64 64
p/image1210.png 1 0 0 64 64
p/image1211.png 1 0 0 64 64
p/image1212.png 1 0 0 64 64
p/image1213.png 1 0 0 64 64
p/image1214.png 1 0 0 64 64
p/image1215.png 1 0 0 64 64
p/image1216.png 1 0 0 64 64
p/image1217.png 1 0 0 64 64
p/image1218.png 1 0 0 64 64
p/image1219.png 1 0 0 64 64
p/image1220.png 1 0 0 64 64
p/image1221.png 1 0 0 64 64
p/image1222.png 1 0 0 64 64
p/image1223.png 1 0 0 64 64
p/image1224.png 1 0 0 64 64
p/image1225.png 1 0 0 64 64
p/image1226.png 1 0 0 64 64
p/image1227.png 1 0 0 64 64
p/image1228.png 1 0 0 64 64
p/image1229.png 1 0 0 64 64
p/image1230.png 1 0 0 64 64
p/image1231.png 1 0 0 64 64
p/image1232.png 1 0 0 64 64
p/image1233.png 1 0 0 64 64
p/image1234.png 1 0 0 64 64
p/image1235.png 1 0 0 64 64
p/image1236.png 1 0 0 64 64
p/image1237.png 1 0 0 64 64
p/image1238.png 1 0 0 64 64
p/image1239.png 1 0 0 64 64
p/image1240.png 1 0 0 64 64
p/image1241.png 1 0 0 64 64
p/image1242.png 1 0 0 64 64
p/image1243.png 1 0 0 64 64
p/image1244.png 1 0 0 64 64
p/image1245.png 1 0 0 64 64
p/image1246.png 1 0 0 64 64
p/image1247.png 1 0 0 64 64
p/image1248.png 1 0 0 64 64
p/image1249.png 1 0 0 64 64
p/image1250.png 1 0 0 64 64
p/image1251.png 1 0 0 64 64
p/image1252.png 1 0 0 64 64
p/image1253.png 1 0 0 64 64
p/image1254.png 1 0 0 64 64
p/image1255.png 1 0 0 64 64
p/image1256.png 1 0 0 64 64
p/image1257.png 1 0 0 64 64
p/image1258.png 1 0 0 64 64
p/image1259.png 1 0 0 64 64
p/image1260.png 1 0 0 64 64
p/image1261.png 1 0 0 64 64
p/image1262.png 1 0 0 64 64
p/image1263.png 1 0 0 64 64
p/image1264.png 1 0 0 64 64
p/image1265.png 1 0 0 64 64
p/image1266.png 1 0 0 64 64
p/image1267.png 1 0 0 64 64
p/image1268.png 1 0 0 64 64
p/image1269.png 1 0 0 64 64
p/image1270.png 1 0 0 64 64
p/image1271.png 1 0 0 64 64
p/image1272.png 1 0 0 64 64
p/image1273.png 1 0 0 64 64
p/image1274.png 1 0 0 64 64
p/image1275.png 1 0 0 64 64
p/image1276.png 1 0 0 64 64
p/image1277.png 1 0 0 64 64
p/image1278.png 1 0 0 64 64
p/image1279.png 1 0 0 64 64
p/image1280.png 1 0 0 64 64
p/image1281.png 1 0 0 64 64
p/image1282.png 1 0 0 64 64
p/image1283.png 1 0 0 64 64
p/image1284.png 1 0 0 64 64
p/image1285.png 1 0 0 64 64
p/image1286.png 1 0 0 64 64
p/image1287.png 1 0 0 64 64
p/image1288.png 1 0 0 64 64
p/image1289.png 1 0 0 64 64
p/image1290.png 1 0 0 64 64
p/image1291.png 1 0 0 64 64
p/image1292.png 1 0 0 64 64
p/image1293.png 1 0 0 64 64
p/image1294.png 1 0 0 64 64
p/image1295.png 1 0 0 64 64
p/image1296.png 1 0 0 64 64
p/image1297.png 1 0 0 64 64
p/image1298.png 1 0 0 64 64
p/image1299.png 1 0 0 64 64
p/image1300.png 1 0 0 64 64
p/image1301.png 1 0 0 64 64
p/image1302.png 1 0 0 64 64
p/image1303.png 1 0 0 64 64
p/image1304.png 1 0 0 64 64
p/image1305.png 1 0 0 64 64
p/image1306.png 1 0 0 64 64
p/image1307.png 1 0 0 64 64
p/image1308.png 1 0 0 64 64
p/image1309.png 1 0 0 64 64
p/image1310.png 1 0 0 64 64
p/image1311.png 1 0 0 64 64
p/image1312.png 1 0 0 64 64
p/image1313.png 1 0 0 64 64
p/image1314.png 1 0 0 64 64
p/image1315.png 1 0 0 64 64
p/image1316.png 1 0 0 64 64
p/image1317.png 1 0 0 64 64
p/image1318.png 1 0 0 64 64
p/image1319.png 1 0 0 64 64
p/image1320.png 1 0 0 64 64
p/image1321.png 1 0 0 64 64
p/image1322.png 1 0 0 64 64
p/image1323.png 1 0 0 64 64
p/image1324.png 1 0 0 64 64
p/image1325.png 1 0 0 64 64
p/image1326.png 1 0 0 64 64
p/image1327.png 1 0 0 64 64
p/image1328.png 1 0 0 64 64
p/image1329.png 1 0 0 64 64
p/image1330.png 1 0 0 64 64
p/image1331.png 1 0 0 64 64
p/image1332.png 1 0 0 64 64
p/image1333.png 1 0 0 64 64
p/image1334.png 1 0 0 64 64
p/image1335.png 1 0 0 64 64
p/image1336.png 1 0 0 64 64
p/image1337.png 1 0 0 64 64
p/image1338.png 1 0 0 64 64
p/image1339.png 1 0 0 64 64
p/image1340.png 1 0 0 64 64
p/image1341.png 1 0 0 64 64
p/image1342.png 1 0 0 64 64
p/image1343.png 1 0 0 64 64
p/image1344.png 1 0 0 64 64
p/image1345.png 1 0 0 64 64
p/image1346.png 1 0 0 64 64
p/image1347.png 1 0 0 64 64
p/image1348.png 1 0 0 64 64
p/image1349.png 1 0 0 64 64
p/image1350.png 1 0 0 64 64
p/image1351.png 1 0 0 64 64
p/image1352.png 1 0 0 64 64
p/image1353.png 1 0 0 64 64
p/image1354.png 1 0 0 64 64
p/image1355.png 1 0 0 64 64
p/image1356.png 1 0 0 64 64
p/image1357.png 1 0 0 64 64
p/image1358.png 1 0 0 64 64
p/image1359.png 1 0 0 64 64
p/image1360.png 1 0 0 64 64
p/image1361.png 1 0 0 64 64
p/image1362.png 1 0 0 64 64
p/image1363.png 1 0 0 64 64
p/image1364.png 1 0 0 64 64
p/image1365.png 1 0 0 64 64
p/image1366.png 1 0 0 64 64
p/image1367.png 1 0 0 64 64
p/image1368.png 1 0 0 64 64
p/image1369.png 1 0 0 64 64
p/image1370.png 1 0 0 64 64
p/image1371.png 1 0 0 64 64
p/image1372.png 1 0 0 64 64
p/image1373.png 1 0 0 64 64
p/image1374.png 1 0 0 64 64
p/image1375.png 1 0 0 64 64
p/image1376.png 1 0 0 64 64
p/image1377.png 1 0 0 64 64
p/image1378.png 1 0 0 64 64
p/image1379.png 1 0 0 64 64
p/image1380.png 1 0 0 64 64
p/image1381.png 1 0 0 64 64
p/image1382.png 1 0 0 64 64
p/image1383.png 1 0 0 64 64
p/image1384.png 1 0 0 64 64
p/image1385.png 1 0 0 64 64
p/image1386.png 1 0 0 64 64
p/image1387.png 1 0 0 64 64
p/image1388.png 1 0 0 64 64
p/image1389.png 1 0 0 64 64
p/image1390.png 1 0 0 64 64
p/image1391.png 1 0 0 64 64
p/image1392.png 1 0 0 64 64
p/image1393.png 1 0 0 64 64
p/image1394.png 1 0 0 64 64
p/image1395.png 1 0 0 64 64
p/image1396.png 1 0 0 64 64
p/image1397.png 1 0 0 64 64
p/image1398.png 1 0 0 64 64
p/image1399.png 1 0 0 64 64
p/image1400.png 1 0 0 64 64
p/image1401.png 1 0 0 64 64
p/image1402.png 1 0 0 64 64
p/image1403.png 1 0 0 64 64
p/image1404.png 1 0 0 64 64
p/image1405.png 1 0 0 64 64
p/image1406.png 1 0 0 64 64
p/image1407.png 1 0 0 64 64
p/image1408.png 1 0 0 64 64
p/image1409.png 1 0 0 64 64
p/image1410.png 1 0 0 64 64
p/image1411.png 1 0 0 64 64
p/image1412.png 1 0 0 64 64
p/image1413.png 1 0 0 64 64
p/image1414.png 1 0 0 64 64
p/image1415.png 1 0 0 64 64
p/image1416.png 1 0 0 64 64
p/image1417.png 1 0 0 64 64
p/image1418.png 1 0 0 64 64
p/image1419.png 1 0 0 64 64
p/image1420.png 1 0 0 64 64
p/image1421.png 1 0 0 64 64
p/image1422.png 1 0 0 64 64
p/image1423.png 1 0 0 64 64
p/image1424.png 1 0 0 64 64
p/image1425.png 1 0 0 64 64
p/image1426.png 1 0 0 64 64
p/image1427.png 1 0 0 64 64
p/image1428.png 1 0 0 64 64
p/image1429.png 1 0 0 64 64
p/image1430.png 1 0 0 64 64
p/image1431.png 1 0 0 64 64
p/image1432.png 1 0 0 64 64
p/image1433.png 1 0 0 64 64
p/image1434.png 1 0 0 64 64
p/image1435.png 1 0 0 64 64
p/image1436.png 1 0 0 64 64
p/image1437.png 1 0 0 64 64
p/image1438.png 1 0 0 64 64
p/image1439.png 1 0 0 64 64
p/image1440.png 1 0 0 64 64
p/image1441.png 1 0 0 64 64
p/image1442.png 1 0 0 64 64
p/image1443.png 1 0 0 64 64
p/image1444.png 1 0 0 64 64
p/image1445.png 1 0 0 64 64
p/image1446.png 1 0 0 64 64
p/image1447.png 1 0 0 64 64
p/image1448.png 1 0 0 64 64
p/image1449.png 1 0 0 64 64
p/image1450.png 1 0 0 64 64
p/image1451.png 1 0 0 64 64
p/image1452.png 1 0 0 64 64
p/image1453.png 1 0 0 64 64
p/image1454.png 1 0 0 64 64
p/image1455.png 1 0 0 64 64
p/image1456.png 1 0 0 64 64
p/image1457.png 1 0 0 64 64
p/image1458.png 1 0 0 64 64
p/image1459.png 1 0 0 64 64
p/image1460.png 1 0 0 64 64
p/image1461.png 1 0 0 64 64
p/image1462.png 1 0 0 64 64
p/image1463.png 1 0 0 64 64
p/image1464.png 1 0 0 64 64
p/image1465.png 1 0 0 64 64
p/image1466.png 1 0 0 64 64
p/image1467.png 1 0 0 64 64
p/image1468.png 1 0 0 64 64
p/image1469.png 1 0 0 64 64
p/image1470.png 1 0 0 64 64
p/image1471.png 1 0 0 64 64
p/image1472.png 1 0 0 64 64
p/image1473.png 1 0 0 64 64
p/image1474.png 1 0 0 64 64
p/image1475.png 1 0 0 64 64
p/image1476.png 1 0 0 64 64
p/image1477.png 1 0 0 64 64
p/image1478.png 1 0 0 64 64
p/image1479.png 1 0 0 64 64
p/image1480.png 1 0 0 64 64
p/image1481.png 1 0 0 64 64
p/image1482.png 1 0 0 64 64
p/image1483.png 1 0 0 64 64
p/image1484.png 1 0 0 64 64
p/image1485.png 1 0 0 64 64
p/image1486.png 1 0 0 64 64
p/image1487.png 1 0 0 64 64
p/image1488.png 1 0 0 64 64
p/image1489.png 1 0 0 64 64
p/image1490.png 1 0 0 64 64
p/image1491.png 1 0 0 64 64
p/image1492.png 1 0 0 64 64
p/image1493.png 1 0 0 64 64
p/image1494.png 1 0 0 64 64
p/image1495.png 1 0 0 64 64
p/image1496.png 1 0 0 64 64
p/image1497.png 1 0 0 64 64
p/image1498.png 1 0 0 64 64
p/image1499.png 1 0 0 64 64
p/image1500.png 1 0 0 64 64
p/image1501.png 1 0 0 64 64
p/image1502.png 1 0 0 64 64
p/image1503.png 1 0 0 64 64
p/image1504.png 1 0 0 64 64
p/image1505.png 1 0 0 64 64
p/image1506.png 1 0 0 64 64
p/image1507.png 1 0 0 64 64
p/image1508.png 1 0 0 64 64
p/image1509.png 1 0 0 64 64
p/image1510.png 1 0 0 64 64
p/image1511.png 1 0 0 64 64
p/image1512.png 1 0 0 64 64
p/image1513.png 1 0 0 64 64
p/image1514.png 1 0 0 64 64
p/image1515.png 1 0 0 64 64
p/image1516.png 1 0 0 64 64
p/image1517.png 1 0 0 64 64
p/image1518.png 1 0 0 64 64
p/image1519.png 1 0 0 64 64
p/image1520.png 1 0 0 64 64
p/image1521.png 1 0 0 64 64
p/image1522.png 1 0 0 64 64
p/image1523.png 1 0 0 64 64
p/image1524.png 1 0 0 64 64
p/image1525.png 1 0 0 64 64
p/image1526.png 1 0 0 64 64
p/image1527.png 1 0 0 64 64
p/image1528.png 1 0 0 64 64
p/image1529.png 1 0 0 64 64
p/image1530.png 1 0 0 64 64
p/image1531.png 1 0 0 64 64
p/image1532.png 1 0 0 64 64
p/image1533.png 1 0 0 64 64
p/image1534.png 1 0 0 64 64
p/image1535.png 1 0 0 64 64
p/image1536.png 1 0 0 64 64
p/image1537.png 1 0 0 64 64
p/image1538.png 1 0 0 64 64
p/image1539.png 1 0 0 64 64
p/image1540.png 1 0 0 64 64
p/image1541.png 1 0 0 64 64
p/image1542.png 1 0 0 64 64
p/image1543.png 1 0 0 64 64
p/image1544.png 1 0 0 64 64
p/image1545.png 1 0 0 64 64
p/image1546.png 1 0 0 64 64
p/image1547.png 1 0 0 64 64
p/image1548.png 1 0 0 64 64
p/image1549.png 1 0 0 64 64
p/image1550.png 1 0 0 64 64
p/image1551.png 1 0 0 64 64
p/image1552.png 1 0 0 64 64
p/image1553.png 1 0 0 64 64
p/image1554.png 1 0 0 64 64
p/image1555.png 1 0 0 64 64
p/image1556.png 1 0 0 64 64
p/image1557.png 1 0 0 64 64
p/image1558.png 1 0 0 64 64
p/image1559.png 1 0 0 64 64
p/image1560.png 1 0 0 64 64
p/image1561.png 1 0 0 64 64
p/image1562.png 1 0 0 64 64
p/image1563.png 1 0 0 64 64
p/image1564.png 1 0 0 64 64
p/image1565.png 1 0 0 64 64
p/image1566.png 1 0 0 64 64
p/image1567.png 1 0 0 64 64
p/image1568.png 1 0 0 64 64
p/image1569.png 1 0 0 64 64
p/image1570.png 1 0 0 64 64
p/image1571.png 1 0 0 64 64
p/image1572.png 1 0 0 64 64
p/image1573.png 1 0 0 64 64
p/image1574.png 1 0 0 64 64
p/image1575.png 1 0 0 64 64
p/image1576.png 1 0 0 64 64
p/image1577.png 1 0 0 64 64
p/image1578.png 1 0 0 64 64
p/image1579.png 1 0 0 64 64
p/image1580.png 1 0 0 64 64
p/image1581.png 1 0 0 64 64
p/image1582.png 1 0 0 64 64
p/image1583.png 1 0 0 64 64
p/image1584.png 1 0 0 64 64
p/image1585.png 1 0 0 64 64
p/image1586.png 1 0 0 64 64
p/image1587.png 1 0 0 64 64
p/image1588.png 1 0 0 64 64
p/image1589.png 1 0 0 64 64
p/image1590.png 1 0 0 64 64
p/image1591.png 1 0 0 64 64
p/image1592.png 1 0 0 64 64
p/image1593.png 1 0 0 64 64
p/image1594.png 1 0 0 64 64
p/image1595.png 1 0 0 64 64
p/image1596.png 1 0 0 64 64
p/image1597.png 1 0 0 64 64
p/image1598.png 1 0 0 64 64
p/image1599.png 1 0 0 64 64
p/image1600.png 1 0 0 64 64
p/image1601.png 1 0 0 64 64
p/image1602.png 1 0 0 64 64
p/image1603.png 1 0 0 64 64
p/image1604.png 1 0 0 64 64
p/image1605.png 1 0 0 64 64
p/image1606.png 1 0 0 64 64
p/image1607.png 1 0 0 64 64
p/image1608.png 1 0 0 64 64
p/image1609.png 1 0 0 64 64
p/image1610.png 1 0 0 64 64
p/image1611.png 1 0 0 64 64
p/image1612.png 1 0 0 64 64
p/image1613.png 1 0 0 64 64
p/image1614.png 1 0 0 64 64
p/image1615.png 1 0 0 64 64
p/image1616.png 1 0 0 64 64
p/image1617.png 1 0 0 64 64
p/image1618.png 1 0 0 64 64
p/image1619.png 1 0 0 64 64
p/image1620.png 1 0 0 64 64
p/image1621.png 1 0 0 64 64
p/image1622.png 1 0 0 64 64
p/image1623.png 1 0 0 64 64
p/image1624.png 1 0 0 64 64
p/image1625.png 1 0 0 64 64
p/image1626.png 1 0 0 64 64
p/image1627.png 1 0 0 64 64
p/image1628.png 1 0 0 64 64
p/image1629.png 1 0 0 64 64
p/image1630.png 1 0 0 64 64
p/image1631.png 1 0 0 64 64
p/image1632.png 1 0 0 64 64
p/image1633.png 1 0 0 64 64
p/image1634.png 1 0 0 64 64
p/image1635.png 1 0 0 64 64
p/image1636.png 1 0 0 64 64
p/image1637.png 1 0 0 64 64
p/image1638.png 1 0 0 64 64
p/image1639.png 1 0 0 64 64
p/image1640.png 1 0 0 64 64
p/image1641.png 1 0 0 64 64
p/image1642.png 1 0 0 64 64
p/image1643.png 1 0 0 64 64
p/image1644.png 1 0 0 64 64
p/image1645.png 1 0 0 64 64
p/image1646.png 1 0 0 64 64
p/image1647.png 1 0 0 64 64
p/image1648.png 1 0 0 64 64
p/image1649.png 1 0 0 64 64
p/image1650.png 1 0 0 64 64
p/image1651.png 1 0 0 64 64
p/image1652.png 1 0 0 64 64
p/image1653.png 1 0 0 64 64
p/image1654.png 1 0 0 64 64
p/image1655.png 1 0 0 64 64
p/image1656.png 1 0 0 64 64
p/image1657.png 1 0 0 64 64
p/image1658.png 1 0 0 64 64
p/image1659.png 1 0 0 64 64
p/image1660.png 1 0 0 64 64
p/image1661.png 1 0 0 64 64
p/image1662.png 1 0 0 64 64
p/image1663.png 1 0 0 64 64
p/image1664.png 1 0 0 64 64
p/image1665.png 1 0 0 64 64
p/image1666.png 1 0 0 64 64
p/image1667.png 1 0 0 64 64
p/image1668.png 1 0 0 64 64
p/image1669.png 1 0 0 64 64
p/image1670.png 1 0 0 64 64
p/image1671.png 1 0 0 64 64
p/image1672.png 1 0 0 64 64
p/image1673.png 1 0 0 64 64
p/image1674.png 1 0 0 64 64
p/image1675.png 1 0 0 64 64
p/image1676.png 1 0 0 64 64
p/image1677.png 1 0 0 64 64
p/image1678.png 1 0 0 64 64
p/image1679.png 1 0 0 64 64
p/image1680.png 1 0 0 64 64
p/image1681.png 1 0 0 64 64
p/image1682.png 1 0 0 64 64
p/image1683.png 1 0 0 64 64
p/image1684.png 1 0 0 64 64
p/image1685.png 1 0 0 64 64
p/image1686.png 1 0 0 64 64
p/image1687.png 1 0 0 64 64
p/image1688.png 1 0 0 64 64
p/image1689.png 1 0 0 64 64
p/image1690.png 1 0 0 64 64
p/image1691.png 1 0 0 64 64
p/image1692.png 1 0 0 64 64
p/image1693.png 1 0 0 64 64
p/image1694.png 1 0 0 64 64
p/image1695.png 1 0 0 64 64
p/image1696.png 1 0 0 64 64
p/image1697.png 1 0 0 64 64
p/image1698.png 1 0 0 64 64
p/image1699.png 1 0 0 64 64
p/image1700.png 1 0 0 64 64
p/image1701.png 1 0 0 64 64
p/image1702.png 1 0 0 64 64
p/image1703.png 1 0 0 64 64
p/image1704.png 1 0 0 64 64
p/image1705.png 1 0 0 64 64
p/image1706.png 1 0 0 64 64
p/image1707.png 1 0 0 64 64
p/image1708.png 1 0 0 64 64
p/image1709.png 1 0 0 64 64
p/image1710.png 1 0 0 64 64
p/image1711.png 1 0 0 64 64
p/image1712.png 1 0 0 64 64
p/image1713.png 1 0 0 64 64
p/image1714.png 1 0 0 64 64
p/image1715.png 1 0 0 64 64
p/image1716.png 1 0 0 64 64
p/image1717.png 1 0 0 64 64
p/image1718.png 1 0 0 64 64
p/image1719.png 1 0 0 64 64
p/image1720.png 1 0 0 64 64
p/image1721.png 1 0 0 64 64
p/image1722.png 1 0 0 64 64
p/image1723.png 1 0 0 64 64
p/image1724.png 1 0 0 64 64
p/image1725.png 1 0 0 64 64
p/image1726.png 1 0 0 64 64
p/image1727.png 1 0 0 64 64
p/image1728.png 1 0 0 64 64
p/image1729.png 1 0 0 64 64
p/image1730.png 1 0 0 64 64
p/image1731.png 1 0 0 64 64
p/image1732.png 1 0 0 64 64
p/image1733.png 1 0 0 64 64
p/image1734.png 1 0 0 64 64
p/image1735.png 1 0 0 64 64
p/image1736.png 1 0 0 64 64
p/image1737.png 1 0 0 64 64
p/image1738.png 1 0 0 64 64
p/image1739.png 1 0 0 64 64
p/image1740.png 1 0 0 64 64
p/image1741.png 1 0 0 64 64
p/image1742.png 1 0 0 64 64
p/image1743.png 1 0 0 64 64
p/image1744.png 1 0 0 64 64
p/image1745.png 1 0 0 64 64
p/image1746.png 1 0 0 64 64
p/image1747.png 1 0 0 64 64
p/image1748.png 1 0 0 64 64
p/image1749.png 1 0 0 64 64
p/image1750.png 1 0 0 64 64
p/image1751.png 1 0 0 64 64
p/image1752.png 1 0 0 64 64
p/image1753.png 1 0 0 64 64
p/image1754.png 1 0 0 64 64
p/image1755.png 1 0 0 64 64
p/image1756.png 1 0 0 64 64
p/image1757.png 1 0 0 64 64
p/image1758.png 1 0 0 64 64
p/image1759.png 1 0 0 64 64
p/image1760.png 1 0 0 64 64
p/image1761.png 1 0 0 64 64
p/image1762.png 1 0 0 64 64
p/image1763.png 1 0 0 64 64
p/image1764.png 1 0 0 64 64
p/image1765.png 1 0 0 64 64
p/image1766.png 1 0 0 64 64
p/image1767.png 1 0 0 64 64
p/image1768.png 1 0 0 64 64
p/image1769.png 1 0 0 64 64
p/image1770.png 1 0 0 64 64
p/image1771.png 1 0 0 64 64
p/image1772.png 1 0 0 64 64
p/image1773.png 1 0 0 64 64
p/image1774.png 1 0 0 64 64
p/image1775.png 1 0 0 64 64
p/image1776.png 1 0 0 64 64
p/image1777.png 1 0 0 64 64
p/image1778.png 1 0 0 64 64
p/image1779.png 1 0 0 64 64
p/image1780.png 1 0 0 64 64
p/image1781.png 1 0 0 64 64
p/image1782.png 1 0 0 64 64
p/image1783.png 1 0 0 64 64
p/image1784.png 1 0 0 64 64
p/image1785.png 1 0 0 64 64
p/image1786.png 1 0 0 64 64
p/image1787.png 1 0 0 64 64
p/image1788.png 1 0 0 64 64
p/image1789.png 1 0 0 64 64
p/image1790.png 1 0 0 64 64
p/image1791.png 1 0 0 64 64
p/image1792.png 1 0 0 64 64
p/image1793.png 1 0 0 64 64
p/image1794.png 1 0 0 64 64
p/image1795.png 1 0 0 64 64
p/image1796.png 1 0 0 64 64
p/image1797.png 1 0 0 64 64
p/image1798.png 1 0 0 64 64
p/image1799.png 1 0 0 64 64